<?xml version="1.0" encoding="UTF-8"?>
<!-- Generated by org.testng.reporters.JUnitXMLReporter -->
<testsuite ignored="0" hostname="DESKTOP-ALJ1I0Q" failures="5" tests="36" name="Surefire test" time="642.935" errors="0" timestamp="2020-07-22T16:43:07 EDT">
  <testcase classname="com.phptravels.qa.testcases.AdminAccountHomePageTest" name="clickOnSuppliers" time="2.905"/>
  <testcase classname="com.phptravels.qa.testcases.AdminAccountHomePageTest" name="loginPageTitleTest" time="0.095"/>
  <testcase classname="com.phptravels.qa.testcases.AdminAccountHomeSuppliersPageTest" name="loginPageTitleTest" time="0.012"/>
  <testcase classname="com.phptravels.qa.testcases.AdminAccountHomeSuppliersPageTest" name="validateLogoImg" time="1.688"/>
  <testcase classname="com.phptravels.qa.testcases.AdminAccountHomeSuppliersPageTest" name="clickOnSuppliers" time="6.461"/>
  <testcase classname="com.phptravels.qa.testcases.AdminAccountHomeSuppliersPageTest" name="clickOnSuppliers" time="9.221"/>
  <testcase classname="com.phptravels.qa.testcases.AdminAccountHomeSuppliersPageTest" name="clickOnSuppliers" time="5.898"/>
  <testcase classname="com.phptravels.qa.testcases.AdminAccountHomeSuppliersPageTest" name="clickOnSuppliers" time="8.892"/>
  <testcase classname="com.phptravels.qa.testcases.AdminAccountHomeSuppliersPageTest" name="clickOnSuppliers" time="9.772"/>
  <testcase classname="com.phptravels.qa.testcases.AdminAccountHomeSuppliersPageTest" name="clickOnSuppliers" time="5.492"/>
  <testcase classname="com.phptravels.qa.testcases.AdminAccountHomeSuppliersPageTest" name="clickOnSuppliers" time="5.688"/>
  <testcase classname="com.phptravels.qa.testcases.AdminAccountHomeSuppliersPageTest" name="clickOnSuppliers" time="5.946"/>
  <testcase classname="com.phptravels.qa.testcases.AdminAccountHomeSuppliersPageTest" name="clickOnSuppliers" time="11.726"/>
  <testcase classname="com.phptravels.qa.testcases.AdminAccountHomeSuppliersPageTest" name="clickOnSuppliers" time="9.429"/>
  <testcase classname="com.phptravels.qa.testcases.AdminAccountHomeSuppliersPageTest" name="clickOnSuppliers" time="10.277"/>
  <testcase classname="com.phptravels.qa.testcases.AdminAccountLoginPageTest" name="loginPageTitleTest" time="9.85"/>
  <testcase classname="com.phptravels.qa.testcases.AdminAccountLoginPageTest" name="loginTest" time="3.466"/>
  <testcase classname="com.phptravels.qa.testcases.HomePageFrontUserHomePageTest" name="chooseCurrency" time="3.919"/>
  <testcase classname="com.phptravels.qa.testcases.HomePageFrontUserHomePageTest" name="chooseLanguage" time="45.393">
    <failure type="org.openqa.selenium.NoSuchElementException" message="no such element: Unable to locate element: {&amp;quot;method&amp;quot;:&amp;quot;xpath&amp;quot;,&amp;quot;selector&amp;quot;:&amp;quot;//h2[@class=&amp;apos;float-none&amp;apos; and contains(text(),&amp;apos;Nouvelles du blog&amp;apos;)]&amp;quot;}
  (Session info: chrome=83.0.4103.116)
For documentation on this error, please visit: https://www.seleniumhq.org/exceptions/no_such_element.html
Build info: version: &amp;apos;3.141.59&amp;apos;, revision: &amp;apos;e82be7d358&amp;apos;, time: &amp;apos;2018-11-14T08:17:03&amp;apos;
System info: host: &amp;apos;DESKTOP-ALJ1I0Q&amp;apos;, ip: &amp;apos;192.168.0.16&amp;apos;, os.name: &amp;apos;Windows 10&amp;apos;, os.arch: &amp;apos;amd64&amp;apos;, os.version: &amp;apos;10.0&amp;apos;, java.version: &amp;apos;11.0.7&amp;apos;
Driver info: org.openqa.selenium.chrome.ChromeDriver
Capabilities {acceptInsecureCerts: false, browserName: chrome, browserVersion: 83.0.4103.116, chrome: {chromedriverVersion: 83.0.4103.39 (ccbf011cb2d2b..., userDataDir: C:\Users\Sharmistha\AppData...}, goog:chromeOptions: {debuggerAddress: localhost:54726}, javascriptEnabled: true, networkConnectionEnabled: false, pageLoadStrategy: normal, platform: WINDOWS, platformName: WINDOWS, proxy: Proxy(), setWindowRect: true, strictFileInteractability: false, timeouts: {implicit: 0, pageLoad: 300000, script: 30000}, unhandledPromptBehavior: dismiss and notify, webauthn:virtualAuthenticators: true}
Session ID: d1effdd1908437fb74dc7380fa65753c
*** Element info: {Using=xpath, value=//h2[@class=&amp;apos;float-none&amp;apos; and contains(text(),&amp;apos;Nouvelles du blog&amp;apos;)]}">
      <![CDATA[org.openqa.selenium.NoSuchElementException: no such element: Unable to locate element: {"method":"xpath","selector":"//h2[@class='float-none' and contains(text(),'Nouvelles du blog')]"}
  (Session info: chrome=83.0.4103.116)
For documentation on this error, please visit: https://www.seleniumhq.org/exceptions/no_such_element.html
Build info: version: '3.141.59', revision: 'e82be7d358', time: '2018-11-14T08:17:03'
System info: host: 'DESKTOP-ALJ1I0Q', ip: '192.168.0.16', os.name: 'Windows 10', os.arch: 'amd64', os.version: '10.0', java.version: '11.0.7'
Driver info: org.openqa.selenium.chrome.ChromeDriver
Capabilities {acceptInsecureCerts: false, browserName: chrome, browserVersion: 83.0.4103.116, chrome: {chromedriverVersion: 83.0.4103.39 (ccbf011cb2d2b..., userDataDir: C:\Users\Sharmistha\AppData...}, goog:chromeOptions: {debuggerAddress: localhost:54726}, javascriptEnabled: true, networkConnectionEnabled: false, pageLoadStrategy: normal, platform: WINDOWS, platformName: WINDOWS, proxy: Proxy(), setWindowRect: true, strictFileInteractability: false, timeouts: {implicit: 0, pageLoad: 300000, script: 30000}, unhandledPromptBehavior: dismiss and notify, webauthn:virtualAuthenticators: true}
Session ID: d1effdd1908437fb74dc7380fa65753c
*** Element info: {Using=xpath, value=//h2[@class='float-none' and contains(text(),'Nouvelles du blog')]}
at org.openqa.selenium.remote.http.W3CHttpResponseCodec.createException(W3CHttpResponseCodec.java:187)
at org.openqa.selenium.remote.http.W3CHttpResponseCodec.decode(W3CHttpResponseCodec.java:122)
at org.openqa.selenium.remote.http.W3CHttpResponseCodec.decode(W3CHttpResponseCodec.java:49)
at org.openqa.selenium.remote.HttpCommandExecutor.execute(HttpCommandExecutor.java:158)
at org.openqa.selenium.remote.service.DriverCommandExecutor.execute(DriverCommandExecutor.java:83)
at org.openqa.selenium.remote.RemoteWebDriver.execute(RemoteWebDriver.java:552)
at org.openqa.selenium.remote.RemoteWebDriver.findElement(RemoteWebDriver.java:323)
at org.openqa.selenium.remote.RemoteWebDriver.findElementByXPath(RemoteWebDriver.java:428)
at org.openqa.selenium.By$ByXPath.findElement(By.java:353)
at org.openqa.selenium.remote.RemoteWebDriver.findElement(RemoteWebDriver.java:315)
at org.openqa.selenium.support.events.EventFiringWebDriver.lambda$new$1(EventFiringWebDriver.java:105)
at com.sun.proxy.$Proxy8.findElement(Unknown Source)
at org.openqa.selenium.support.events.EventFiringWebDriver.findElement(EventFiringWebDriver.java:194)
at com.phptravels.qa.pages.HomePageFrontUserHomePage.chooseLanguage(HomePageFrontUserHomePage.java:81)
at com.phptravels.qa.testcases.HomePageFrontUserHomePageTest.chooseLanguage(HomePageFrontUserHomePageTest.java:64)
at java.base/java.util.ArrayList.forEach(ArrayList.java:1540)
... Removed 39 stack frames]]>
    </failure>
  </testcase> <!-- chooseLanguage -->
  <testcase classname="com.phptravels.qa.testcases.HomePageFrontUserHomePageTest" name="fillOutTheForm" time="22.676">
    <failure type="org.openqa.selenium.NoSuchElementException" message="no such element: Unable to locate element: {&amp;quot;method&amp;quot;:&amp;quot;xpath&amp;quot;,&amp;quot;selector&amp;quot;:&amp;quot;//div[@id=&amp;apos;s2id_autogen10&amp;apos;]//a[@class=&amp;apos;select2-choice&amp;apos;]//span[text()=&amp;apos;Search by Hotel or City Name&amp;apos;]&amp;quot;}
  (Session info: chrome=83.0.4103.116)
For documentation on this error, please visit: https://www.seleniumhq.org/exceptions/no_such_element.html
Build info: version: &amp;apos;3.141.59&amp;apos;, revision: &amp;apos;e82be7d358&amp;apos;, time: &amp;apos;2018-11-14T08:17:03&amp;apos;
System info: host: &amp;apos;DESKTOP-ALJ1I0Q&amp;apos;, ip: &amp;apos;192.168.0.16&amp;apos;, os.name: &amp;apos;Windows 10&amp;apos;, os.arch: &amp;apos;amd64&amp;apos;, os.version: &amp;apos;10.0&amp;apos;, java.version: &amp;apos;11.0.7&amp;apos;
Driver info: org.openqa.selenium.chrome.ChromeDriver
Capabilities {acceptInsecureCerts: false, browserName: chrome, browserVersion: 83.0.4103.116, chrome: {chromedriverVersion: 83.0.4103.39 (ccbf011cb2d2b..., userDataDir: C:\Users\Sharmistha\AppData...}, goog:chromeOptions: {debuggerAddress: localhost:54825}, javascriptEnabled: true, networkConnectionEnabled: false, pageLoadStrategy: normal, platform: WINDOWS, platformName: WINDOWS, proxy: Proxy(), setWindowRect: true, strictFileInteractability: false, timeouts: {implicit: 0, pageLoad: 300000, script: 30000}, unhandledPromptBehavior: dismiss and notify, webauthn:virtualAuthenticators: true}
Session ID: 47d830292969088abfc63ebc097a2da3
*** Element info: {Using=xpath, value=//div[@id=&amp;apos;s2id_autogen10&amp;apos;]//a[@class=&amp;apos;select2-choice&amp;apos;]//span[text()=&amp;apos;Search by Hotel or City Name&amp;apos;]}">
      <![CDATA[org.openqa.selenium.NoSuchElementException: no such element: Unable to locate element: {"method":"xpath","selector":"//div[@id='s2id_autogen10']//a[@class='select2-choice']//span[text()='Search by Hotel or City Name']"}
  (Session info: chrome=83.0.4103.116)
For documentation on this error, please visit: https://www.seleniumhq.org/exceptions/no_such_element.html
Build info: version: '3.141.59', revision: 'e82be7d358', time: '2018-11-14T08:17:03'
System info: host: 'DESKTOP-ALJ1I0Q', ip: '192.168.0.16', os.name: 'Windows 10', os.arch: 'amd64', os.version: '10.0', java.version: '11.0.7'
Driver info: org.openqa.selenium.chrome.ChromeDriver
Capabilities {acceptInsecureCerts: false, browserName: chrome, browserVersion: 83.0.4103.116, chrome: {chromedriverVersion: 83.0.4103.39 (ccbf011cb2d2b..., userDataDir: C:\Users\Sharmistha\AppData...}, goog:chromeOptions: {debuggerAddress: localhost:54825}, javascriptEnabled: true, networkConnectionEnabled: false, pageLoadStrategy: normal, platform: WINDOWS, platformName: WINDOWS, proxy: Proxy(), setWindowRect: true, strictFileInteractability: false, timeouts: {implicit: 0, pageLoad: 300000, script: 30000}, unhandledPromptBehavior: dismiss and notify, webauthn:virtualAuthenticators: true}
Session ID: 47d830292969088abfc63ebc097a2da3
*** Element info: {Using=xpath, value=//div[@id='s2id_autogen10']//a[@class='select2-choice']//span[text()='Search by Hotel or City Name']}
at org.openqa.selenium.remote.http.W3CHttpResponseCodec.createException(W3CHttpResponseCodec.java:187)
at org.openqa.selenium.remote.http.W3CHttpResponseCodec.decode(W3CHttpResponseCodec.java:122)
at org.openqa.selenium.remote.http.W3CHttpResponseCodec.decode(W3CHttpResponseCodec.java:49)
at org.openqa.selenium.remote.HttpCommandExecutor.execute(HttpCommandExecutor.java:158)
at org.openqa.selenium.remote.service.DriverCommandExecutor.execute(DriverCommandExecutor.java:83)
at org.openqa.selenium.remote.RemoteWebDriver.execute(RemoteWebDriver.java:552)
at org.openqa.selenium.remote.RemoteWebDriver.findElement(RemoteWebDriver.java:323)
at org.openqa.selenium.remote.RemoteWebDriver.findElementByXPath(RemoteWebDriver.java:428)
at org.openqa.selenium.By$ByXPath.findElement(By.java:353)
at org.openqa.selenium.remote.RemoteWebDriver.findElement(RemoteWebDriver.java:315)
at org.openqa.selenium.support.events.EventFiringWebDriver.lambda$new$1(EventFiringWebDriver.java:105)
at com.sun.proxy.$Proxy8.findElement(Unknown Source)
at org.openqa.selenium.support.events.EventFiringWebDriver.findElement(EventFiringWebDriver.java:194)
at org.openqa.selenium.support.pagefactory.DefaultElementLocator.findElement(DefaultElementLocator.java:69)
at org.openqa.selenium.support.pagefactory.internal.LocatingElementHandler.invoke(LocatingElementHandler.java:38)
at com.sun.proxy.$Proxy12.click(Unknown Source)
at com.phptravels.qa.pages.HomePageFrontUserHomePage.fillOutForm(HomePageFrontUserHomePage.java:94)
at com.phptravels.qa.testcases.HomePageFrontUserHomePageTest.fillOutTheForm(HomePageFrontUserHomePageTest.java:70)
at java.base/java.util.ArrayList.forEach(ArrayList.java:1540)
... Removed 39 stack frames]]>
    </failure>
  </testcase> <!-- fillOutTheForm -->
  <testcase classname="com.phptravels.qa.testcases.HomePageFrontUserHomePageTest" name="validateImgLogo" time="3.127">
    <failure type="java.lang.AssertionError" message="expected [true] but found [false]">
      <![CDATA[java.lang.AssertionError: expected [true] but found [false]
at com.phptravels.qa.testcases.HomePageFrontUserHomePageTest.validateImgLogo(HomePageFrontUserHomePageTest.java:44)
at java.base/java.util.ArrayList.forEach(ArrayList.java:1540)
... Removed 36 stack frames]]>
    </failure>
  </testcase> <!-- validateImgLogo -->
  <testcase classname="com.phptravels.qa.testcases.HomePageFrontUserHomePageTest" name="validateLoginPage" time="24.241">
    <failure type="org.openqa.selenium.NoSuchElementException" message="no such element: Unable to locate element: {&amp;quot;method&amp;quot;:&amp;quot;xpath&amp;quot;,&amp;quot;selector&amp;quot;:&amp;quot;//div[@class=&amp;apos;dropdown-menu dropdown-menu-right show&amp;apos;]//a[text()=&amp;apos;Login&amp;apos;]&amp;quot;}
  (Session info: chrome=83.0.4103.116)
For documentation on this error, please visit: https://www.seleniumhq.org/exceptions/no_such_element.html
Build info: version: &amp;apos;3.141.59&amp;apos;, revision: &amp;apos;e82be7d358&amp;apos;, time: &amp;apos;2018-11-14T08:17:03&amp;apos;
System info: host: &amp;apos;DESKTOP-ALJ1I0Q&amp;apos;, ip: &amp;apos;192.168.0.16&amp;apos;, os.name: &amp;apos;Windows 10&amp;apos;, os.arch: &amp;apos;amd64&amp;apos;, os.version: &amp;apos;10.0&amp;apos;, java.version: &amp;apos;11.0.7&amp;apos;
Driver info: org.openqa.selenium.chrome.ChromeDriver
Capabilities {acceptInsecureCerts: false, browserName: chrome, browserVersion: 83.0.4103.116, chrome: {chromedriverVersion: 83.0.4103.39 (ccbf011cb2d2b..., userDataDir: C:\Users\Sharmistha\AppData...}, goog:chromeOptions: {debuggerAddress: localhost:54901}, javascriptEnabled: true, networkConnectionEnabled: false, pageLoadStrategy: normal, platform: WINDOWS, platformName: WINDOWS, proxy: Proxy(), setWindowRect: true, strictFileInteractability: false, timeouts: {implicit: 0, pageLoad: 300000, script: 30000}, unhandledPromptBehavior: dismiss and notify, webauthn:virtualAuthenticators: true}
Session ID: 95e61ef4a58c0eb088500c5a36dd12b4
*** Element info: {Using=xpath, value=//div[@class=&amp;apos;dropdown-menu dropdown-menu-right show&amp;apos;]//a[text()=&amp;apos;Login&amp;apos;]}">
      <![CDATA[org.openqa.selenium.NoSuchElementException: no such element: Unable to locate element: {"method":"xpath","selector":"//div[@class='dropdown-menu dropdown-menu-right show']//a[text()='Login']"}
  (Session info: chrome=83.0.4103.116)
For documentation on this error, please visit: https://www.seleniumhq.org/exceptions/no_such_element.html
Build info: version: '3.141.59', revision: 'e82be7d358', time: '2018-11-14T08:17:03'
System info: host: 'DESKTOP-ALJ1I0Q', ip: '192.168.0.16', os.name: 'Windows 10', os.arch: 'amd64', os.version: '10.0', java.version: '11.0.7'
Driver info: org.openqa.selenium.chrome.ChromeDriver
Capabilities {acceptInsecureCerts: false, browserName: chrome, browserVersion: 83.0.4103.116, chrome: {chromedriverVersion: 83.0.4103.39 (ccbf011cb2d2b..., userDataDir: C:\Users\Sharmistha\AppData...}, goog:chromeOptions: {debuggerAddress: localhost:54901}, javascriptEnabled: true, networkConnectionEnabled: false, pageLoadStrategy: normal, platform: WINDOWS, platformName: WINDOWS, proxy: Proxy(), setWindowRect: true, strictFileInteractability: false, timeouts: {implicit: 0, pageLoad: 300000, script: 30000}, unhandledPromptBehavior: dismiss and notify, webauthn:virtualAuthenticators: true}
Session ID: 95e61ef4a58c0eb088500c5a36dd12b4
*** Element info: {Using=xpath, value=//div[@class='dropdown-menu dropdown-menu-right show']//a[text()='Login']}
at org.openqa.selenium.remote.http.W3CHttpResponseCodec.createException(W3CHttpResponseCodec.java:187)
at org.openqa.selenium.remote.http.W3CHttpResponseCodec.decode(W3CHttpResponseCodec.java:122)
at org.openqa.selenium.remote.http.W3CHttpResponseCodec.decode(W3CHttpResponseCodec.java:49)
at org.openqa.selenium.remote.HttpCommandExecutor.execute(HttpCommandExecutor.java:158)
at org.openqa.selenium.remote.service.DriverCommandExecutor.execute(DriverCommandExecutor.java:83)
at org.openqa.selenium.remote.RemoteWebDriver.execute(RemoteWebDriver.java:552)
at org.openqa.selenium.remote.RemoteWebDriver.findElement(RemoteWebDriver.java:323)
at org.openqa.selenium.remote.RemoteWebDriver.findElementByXPath(RemoteWebDriver.java:428)
at org.openqa.selenium.By$ByXPath.findElement(By.java:353)
at org.openqa.selenium.remote.RemoteWebDriver.findElement(RemoteWebDriver.java:315)
at org.openqa.selenium.support.events.EventFiringWebDriver.lambda$new$1(EventFiringWebDriver.java:105)
at com.sun.proxy.$Proxy8.findElement(Unknown Source)
at org.openqa.selenium.support.events.EventFiringWebDriver.findElement(EventFiringWebDriver.java:194)
at org.openqa.selenium.support.pagefactory.DefaultElementLocator.findElement(DefaultElementLocator.java:69)
at org.openqa.selenium.support.pagefactory.internal.LocatingElementHandler.invoke(LocatingElementHandler.java:38)
at com.sun.proxy.$Proxy12.click(Unknown Source)
at com.phptravels.qa.pages.HomePageFrontUserHomePage.clickOnLogin(HomePageFrontUserHomePage.java:65)
at com.phptravels.qa.testcases.HomePageFrontUserHomePageTest.validateLoginPage(HomePageFrontUserHomePageTest.java:49)
at java.base/java.util.ArrayList.forEach(ArrayList.java:1540)
... Removed 39 stack frames]]>
    </failure>
  </testcase> <!-- validateLoginPage -->
  <testcase classname="com.phptravels.qa.testcases.HomePageFrontUserHomePageTest" name="validatePageTitle" time="2.048">
    <failure type="java.lang.AssertionError" message="expected [PHPTRAVELS | Travel Technology Partner] but found [Loading...]">
      <![CDATA[java.lang.AssertionError: expected [PHPTRAVELS | Travel Technology Partner] but found [Loading...]
at com.phptravels.qa.testcases.HomePageFrontUserHomePageTest.validatePageTitle(HomePageFrontUserHomePageTest.java:39)
at java.base/java.util.ArrayList.forEach(ArrayList.java:1540)
... Removed 37 stack frames]]>
    </failure>
  </testcase> <!-- validatePageTitle -->
  <testcase classname="com.phptravels.qa.testcases.HomePageFrontUserHomePageTest" name="validateSignInPage" time="7.326"/>
  <testcase classname="com.phptravels.qa.testcases.HomePageFrontUserLoginPageTest" name="loginPageTitleTest" time="0.048"/>
  <testcase classname="com.phptravels.qa.testcases.HomePageFrontUserLoginPageTest" name="validateLoginImgTest" time="0.049"/>
  <testcase classname="com.phptravels.qa.testcases.HomePageFrontUserLoginPageTest" name="loginTest" time="0.489"/>
  <testcase classname="com.phptravels.qa.testcases.IndexPageTest" name="validateAdminAccountHomePage" time="0.267"/>
  <testcase classname="com.phptravels.qa.testcases.IndexPageTest" name="validateBlogLink" time="0.07"/>
  <testcase classname="com.phptravels.qa.testcases.IndexPageTest" name="validateCheckPricingLink" time="0.061"/>
  <testcase classname="com.phptravels.qa.testcases.IndexPageTest" name="validateDocsLink" time="0.046"/>
  <testcase classname="com.phptravels.qa.testcases.IndexPageTest" name="validateExploreDemoPage" time="0.071"/>
  <testcase classname="com.phptravels.qa.testcases.IndexPageTest" name="validateHomePageFrontUserHomePage" time="0.184"/>
  <testcase classname="com.phptravels.qa.testcases.IndexPageTest" name="validateLoginLink" time="0.038"/>
  <testcase classname="com.phptravels.qa.testcases.IndexPageTest" name="validateLogoLink" time="5.056"/>
  <testcase classname="com.phptravels.qa.testcases.IndexPageTest" name="indexPageTitleTest" time="0.005"/>
</testsuite> <!-- Surefire test -->
