<?xml version="1.0" encoding="UTF-8"?>
<testng-results ignored="0" total="36" passed="31" failed="5" skipped="0">
  <reporter-output>
  </reporter-output>
  <suite started-at="2020-07-22T16:32:24 EDT" name="Surefire suite" finished-at="2020-07-22T16:43:07 EDT" duration-ms="642935">
    <groups>
    </groups>
    <test started-at="2020-07-22T16:32:24 EDT" name="Surefire test" finished-at="2020-07-22T16:43:07 EDT" duration-ms="642935">
      <class name="com.phptravels.qa.testcases.IndexPageTest">
        <test-method is-config="true" signature="setUp()[pri:0, instance:com.phptravels.qa.testcases.IndexPageTest@5b7a5baa]" started-at="2020-07-22T16:41:48 EDT" name="setUp" finished-at="2020-07-22T16:41:55 EDT" duration-ms="7493" status="PASS">
          <reporter-output>
          </reporter-output>
        </test-method> <!-- setUp -->
        <test-method signature="validateAdminAccountHomePage()[pri:0, instance:com.phptravels.qa.testcases.IndexPageTest@5b7a5baa]" started-at="2020-07-22T16:41:55 EDT" name="validateAdminAccountHomePage" finished-at="2020-07-22T16:41:56 EDT" duration-ms="267" status="PASS">
          <reporter-output>
          </reporter-output>
        </test-method> <!-- validateAdminAccountHomePage -->
        <test-method is-config="true" signature="tearDown()[pri:0, instance:com.phptravels.qa.testcases.IndexPageTest@5b7a5baa]" started-at="2020-07-22T16:41:56 EDT" name="tearDown" finished-at="2020-07-22T16:41:56 EDT" duration-ms="610" status="PASS">
          <reporter-output>
          </reporter-output>
        </test-method> <!-- tearDown -->
        <test-method is-config="true" signature="setUp()[pri:0, instance:com.phptravels.qa.testcases.IndexPageTest@5b7a5baa]" started-at="2020-07-22T16:41:56 EDT" name="setUp" finished-at="2020-07-22T16:42:04 EDT" duration-ms="7965" status="PASS">
          <reporter-output>
          </reporter-output>
        </test-method> <!-- setUp -->
        <test-method signature="validateBlogLink()[pri:0, instance:com.phptravels.qa.testcases.IndexPageTest@5b7a5baa]" started-at="2020-07-22T16:42:04 EDT" name="validateBlogLink" finished-at="2020-07-22T16:42:04 EDT" duration-ms="70" status="PASS">
          <reporter-output>
          </reporter-output>
        </test-method> <!-- validateBlogLink -->
        <test-method is-config="true" signature="tearDown()[pri:0, instance:com.phptravels.qa.testcases.IndexPageTest@5b7a5baa]" started-at="2020-07-22T16:42:04 EDT" name="tearDown" finished-at="2020-07-22T16:42:05 EDT" duration-ms="707" status="PASS">
          <reporter-output>
          </reporter-output>
        </test-method> <!-- tearDown -->
        <test-method is-config="true" signature="setUp()[pri:0, instance:com.phptravels.qa.testcases.IndexPageTest@5b7a5baa]" started-at="2020-07-22T16:42:05 EDT" name="setUp" finished-at="2020-07-22T16:42:13 EDT" duration-ms="7792" status="PASS">
          <reporter-output>
          </reporter-output>
        </test-method> <!-- setUp -->
        <test-method signature="validateCheckPricingLink()[pri:0, instance:com.phptravels.qa.testcases.IndexPageTest@5b7a5baa]" started-at="2020-07-22T16:42:13 EDT" name="validateCheckPricingLink" finished-at="2020-07-22T16:42:13 EDT" duration-ms="61" status="PASS">
          <reporter-output>
          </reporter-output>
        </test-method> <!-- validateCheckPricingLink -->
        <test-method is-config="true" signature="tearDown()[pri:0, instance:com.phptravels.qa.testcases.IndexPageTest@5b7a5baa]" started-at="2020-07-22T16:42:13 EDT" name="tearDown" finished-at="2020-07-22T16:42:13 EDT" duration-ms="588" status="PASS">
          <reporter-output>
          </reporter-output>
        </test-method> <!-- tearDown -->
        <test-method is-config="true" signature="setUp()[pri:0, instance:com.phptravels.qa.testcases.IndexPageTest@5b7a5baa]" started-at="2020-07-22T16:42:13 EDT" name="setUp" finished-at="2020-07-22T16:42:21 EDT" duration-ms="7189" status="PASS">
          <reporter-output>
          </reporter-output>
        </test-method> <!-- setUp -->
        <test-method signature="validateDocsLink()[pri:0, instance:com.phptravels.qa.testcases.IndexPageTest@5b7a5baa]" started-at="2020-07-22T16:42:21 EDT" name="validateDocsLink" finished-at="2020-07-22T16:42:21 EDT" duration-ms="46" status="PASS">
          <reporter-output>
          </reporter-output>
        </test-method> <!-- validateDocsLink -->
        <test-method is-config="true" signature="tearDown()[pri:0, instance:com.phptravels.qa.testcases.IndexPageTest@5b7a5baa]" started-at="2020-07-22T16:42:21 EDT" name="tearDown" finished-at="2020-07-22T16:42:21 EDT" duration-ms="585" status="PASS">
          <reporter-output>
          </reporter-output>
        </test-method> <!-- tearDown -->
        <test-method is-config="true" signature="setUp()[pri:0, instance:com.phptravels.qa.testcases.IndexPageTest@5b7a5baa]" started-at="2020-07-22T16:42:21 EDT" name="setUp" finished-at="2020-07-22T16:42:28 EDT" duration-ms="7171" status="PASS">
          <reporter-output>
          </reporter-output>
        </test-method> <!-- setUp -->
        <test-method signature="validateExploreDemoPage()[pri:0, instance:com.phptravels.qa.testcases.IndexPageTest@5b7a5baa]" started-at="2020-07-22T16:42:28 EDT" name="validateExploreDemoPage" finished-at="2020-07-22T16:42:28 EDT" duration-ms="71" status="PASS">
          <reporter-output>
          </reporter-output>
        </test-method> <!-- validateExploreDemoPage -->
        <test-method is-config="true" signature="tearDown()[pri:0, instance:com.phptravels.qa.testcases.IndexPageTest@5b7a5baa]" started-at="2020-07-22T16:42:28 EDT" name="tearDown" finished-at="2020-07-22T16:42:29 EDT" duration-ms="588" status="PASS">
          <reporter-output>
          </reporter-output>
        </test-method> <!-- tearDown -->
        <test-method is-config="true" signature="setUp()[pri:0, instance:com.phptravels.qa.testcases.IndexPageTest@5b7a5baa]" started-at="2020-07-22T16:42:29 EDT" name="setUp" finished-at="2020-07-22T16:42:36 EDT" duration-ms="6744" status="PASS">
          <reporter-output>
          </reporter-output>
        </test-method> <!-- setUp -->
        <test-method signature="validateHomePageFrontUserHomePage()[pri:0, instance:com.phptravels.qa.testcases.IndexPageTest@5b7a5baa]" started-at="2020-07-22T16:42:36 EDT" name="validateHomePageFrontUserHomePage" finished-at="2020-07-22T16:42:36 EDT" duration-ms="184" status="PASS">
          <reporter-output>
          </reporter-output>
        </test-method> <!-- validateHomePageFrontUserHomePage -->
        <test-method is-config="true" signature="tearDown()[pri:0, instance:com.phptravels.qa.testcases.IndexPageTest@5b7a5baa]" started-at="2020-07-22T16:42:36 EDT" name="tearDown" finished-at="2020-07-22T16:42:37 EDT" duration-ms="712" status="PASS">
          <reporter-output>
          </reporter-output>
        </test-method> <!-- tearDown -->
        <test-method is-config="true" signature="setUp()[pri:0, instance:com.phptravels.qa.testcases.IndexPageTest@5b7a5baa]" started-at="2020-07-22T16:42:37 EDT" name="setUp" finished-at="2020-07-22T16:42:44 EDT" duration-ms="6892" status="PASS">
          <reporter-output>
          </reporter-output>
        </test-method> <!-- setUp -->
        <test-method signature="validateLoginLink()[pri:0, instance:com.phptravels.qa.testcases.IndexPageTest@5b7a5baa]" started-at="2020-07-22T16:42:44 EDT" name="validateLoginLink" finished-at="2020-07-22T16:42:44 EDT" duration-ms="38" status="PASS">
          <reporter-output>
          </reporter-output>
        </test-method> <!-- validateLoginLink -->
        <test-method is-config="true" signature="tearDown()[pri:0, instance:com.phptravels.qa.testcases.IndexPageTest@5b7a5baa]" started-at="2020-07-22T16:42:44 EDT" name="tearDown" finished-at="2020-07-22T16:42:44 EDT" duration-ms="582" status="PASS">
          <reporter-output>
          </reporter-output>
        </test-method> <!-- tearDown -->
        <test-method is-config="true" signature="setUp()[pri:0, instance:com.phptravels.qa.testcases.IndexPageTest@5b7a5baa]" started-at="2020-07-22T16:42:44 EDT" name="setUp" finished-at="2020-07-22T16:42:52 EDT" duration-ms="7352" status="PASS">
          <reporter-output>
          </reporter-output>
        </test-method> <!-- setUp -->
        <test-method signature="validateLogoLink()[pri:0, instance:com.phptravels.qa.testcases.IndexPageTest@5b7a5baa]" started-at="2020-07-22T16:42:52 EDT" name="validateLogoLink" finished-at="2020-07-22T16:42:57 EDT" duration-ms="5056" status="PASS">
          <reporter-output>
          </reporter-output>
        </test-method> <!-- validateLogoLink -->
        <test-method is-config="true" signature="tearDown()[pri:0, instance:com.phptravels.qa.testcases.IndexPageTest@5b7a5baa]" started-at="2020-07-22T16:42:57 EDT" name="tearDown" finished-at="2020-07-22T16:42:57 EDT" duration-ms="595" status="PASS">
          <reporter-output>
          </reporter-output>
        </test-method> <!-- tearDown -->
        <test-method is-config="true" signature="setUp()[pri:0, instance:com.phptravels.qa.testcases.IndexPageTest@5b7a5baa]" started-at="2020-07-22T16:42:57 EDT" name="setUp" finished-at="2020-07-22T16:43:06 EDT" duration-ms="8453" status="PASS">
          <reporter-output>
          </reporter-output>
        </test-method> <!-- setUp -->
        <test-method signature="indexPageTitleTest()[pri:1, instance:com.phptravels.qa.testcases.IndexPageTest@5b7a5baa]" started-at="2020-07-22T16:43:06 EDT" name="indexPageTitleTest" finished-at="2020-07-22T16:43:06 EDT" duration-ms="5" status="PASS">
          <reporter-output>
          </reporter-output>
        </test-method> <!-- indexPageTitleTest -->
        <test-method is-config="true" signature="tearDown()[pri:0, instance:com.phptravels.qa.testcases.IndexPageTest@5b7a5baa]" started-at="2020-07-22T16:43:06 EDT" name="tearDown" finished-at="2020-07-22T16:43:07 EDT" duration-ms="1351" status="PASS">
          <reporter-output>
          </reporter-output>
        </test-method> <!-- tearDown -->
      </class> <!-- com.phptravels.qa.testcases.IndexPageTest -->
      <class name="com.phptravels.qa.testcases.AdminAccountHomeSuppliersPageTest">
        <test-method is-config="true" signature="setUp()[pri:0, instance:com.phptravels.qa.testcases.AdminAccountHomeSuppliersPageTest@62379589]" started-at="2020-07-22T16:32:54 EDT" name="setUp" finished-at="2020-07-22T16:33:11 EDT" duration-ms="16172" status="PASS">
          <reporter-output>
          </reporter-output>
        </test-method> <!-- setUp -->
        <test-method signature="loginPageTitleTest()[pri:1, instance:com.phptravels.qa.testcases.AdminAccountHomeSuppliersPageTest@62379589]" started-at="2020-07-22T16:33:11 EDT" name="loginPageTitleTest" finished-at="2020-07-22T16:33:11 EDT" duration-ms="12" status="PASS">
          <reporter-output>
          </reporter-output>
        </test-method> <!-- loginPageTitleTest -->
        <test-method is-config="true" signature="tearDown()[pri:0, instance:com.phptravels.qa.testcases.AdminAccountHomeSuppliersPageTest@62379589]" started-at="2020-07-22T16:33:11 EDT" name="tearDown" finished-at="2020-07-22T16:33:12 EDT" duration-ms="1034" status="PASS">
          <reporter-output>
          </reporter-output>
        </test-method> <!-- tearDown -->
        <test-method is-config="true" signature="setUp()[pri:0, instance:com.phptravels.qa.testcases.AdminAccountHomeSuppliersPageTest@62379589]" started-at="2020-07-22T16:33:12 EDT" name="setUp" finished-at="2020-07-22T16:33:26 EDT" duration-ms="14374" status="PASS">
          <reporter-output>
          </reporter-output>
        </test-method> <!-- setUp -->
        <test-method signature="validateLogoImg()[pri:2, instance:com.phptravels.qa.testcases.AdminAccountHomeSuppliersPageTest@62379589]" started-at="2020-07-22T16:33:26 EDT" name="validateLogoImg" finished-at="2020-07-22T16:33:28 EDT" duration-ms="1688" status="PASS">
          <reporter-output>
          </reporter-output>
        </test-method> <!-- validateLogoImg -->
        <test-method is-config="true" signature="tearDown()[pri:0, instance:com.phptravels.qa.testcases.AdminAccountHomeSuppliersPageTest@62379589]" started-at="2020-07-22T16:33:28 EDT" name="tearDown" finished-at="2020-07-22T16:33:28 EDT" duration-ms="647" status="PASS">
          <reporter-output>
          </reporter-output>
        </test-method> <!-- tearDown -->
        <test-method is-config="true" signature="setUp()[pri:0, instance:com.phptravels.qa.testcases.AdminAccountHomeSuppliersPageTest@62379589]" started-at="2020-07-22T16:33:31 EDT" name="setUp" finished-at="2020-07-22T16:33:47 EDT" duration-ms="15936" status="PASS">
          <reporter-output>
          </reporter-output>
        </test-method> <!-- setUp -->
        <test-method signature="clickOnSuppliers(java.lang.String, java.lang.String, java.lang.String, java.lang.String, java.lang.String, java.lang.String)[pri:3, instance:com.phptravels.qa.testcases.AdminAccountHomeSuppliersPageTest@62379589]" started-at="2020-07-22T16:33:47 EDT" name="clickOnSuppliers" data-provider="getTestDataPHP" finished-at="2020-07-22T16:33:54 EDT" duration-ms="6461" status="PASS">
          <params>
            <param index="0">
              <value>
                <![CDATA[John]]>
              </value>
            </param>
            <param index="1">
              <value>
                <![CDATA[smith]]>
              </value>
            </param>
            <param index="2">
              <value>
                <![CDATA[JohnS@abc.com]]>
              </value>
            </param>
            <param index="3">
              <value>
                <![CDATA[John123@]]>
              </value>
            </param>
            <param index="4">
              <value>
                <![CDATA[1.234567998E9]]>
              </value>
            </param>
            <param index="5">
              <value>
                <![CDATA[Canada]]>
              </value>
            </param>
          </params>
          <reporter-output>
          </reporter-output>
        </test-method> <!-- clickOnSuppliers -->
        <test-method is-config="true" signature="tearDown()[pri:0, instance:com.phptravels.qa.testcases.AdminAccountHomeSuppliersPageTest@62379589]" started-at="2020-07-22T16:33:54 EDT" name="tearDown" finished-at="2020-07-22T16:33:54 EDT" duration-ms="636" status="PASS">
          <reporter-output>
          </reporter-output>
        </test-method> <!-- tearDown -->
        <test-method is-config="true" signature="setUp()[pri:0, instance:com.phptravels.qa.testcases.AdminAccountHomeSuppliersPageTest@62379589]" started-at="2020-07-22T16:33:54 EDT" name="setUp" finished-at="2020-07-22T16:34:10 EDT" duration-ms="15568" status="PASS">
          <reporter-output>
          </reporter-output>
        </test-method> <!-- setUp -->
        <test-method signature="clickOnSuppliers(java.lang.String, java.lang.String, java.lang.String, java.lang.String, java.lang.String, java.lang.String)[pri:3, instance:com.phptravels.qa.testcases.AdminAccountHomeSuppliersPageTest@62379589]" started-at="2020-07-22T16:34:10 EDT" name="clickOnSuppliers" data-provider="getTestDataPHP" finished-at="2020-07-22T16:34:19 EDT" duration-ms="9221" status="PASS">
          <params>
            <param index="0">
              <value>
                <![CDATA[Michael]]>
              </value>
            </param>
            <param index="1">
              <value>
                <![CDATA[Smith]]>
              </value>
            </param>
            <param index="2">
              <value>
                <![CDATA[MichaelS@abc.com]]>
              </value>
            </param>
            <param index="3">
              <value>
                <![CDATA[Michael123@]]>
              </value>
            </param>
            <param index="4">
              <value>
                <![CDATA[9.87654321E9]]>
              </value>
            </param>
            <param index="5">
              <value>
                <![CDATA[United States]]>
              </value>
            </param>
          </params>
          <reporter-output>
          </reporter-output>
        </test-method> <!-- clickOnSuppliers -->
        <test-method is-config="true" signature="tearDown()[pri:0, instance:com.phptravels.qa.testcases.AdminAccountHomeSuppliersPageTest@62379589]" started-at="2020-07-22T16:34:19 EDT" name="tearDown" finished-at="2020-07-22T16:34:20 EDT" duration-ms="642" status="PASS">
          <reporter-output>
          </reporter-output>
        </test-method> <!-- tearDown -->
        <test-method is-config="true" signature="setUp()[pri:0, instance:com.phptravels.qa.testcases.AdminAccountHomeSuppliersPageTest@62379589]" started-at="2020-07-22T16:34:20 EDT" name="setUp" finished-at="2020-07-22T16:34:33 EDT" duration-ms="13589" status="PASS">
          <reporter-output>
          </reporter-output>
        </test-method> <!-- setUp -->
        <test-method signature="clickOnSuppliers(java.lang.String, java.lang.String, java.lang.String, java.lang.String, java.lang.String, java.lang.String)[pri:3, instance:com.phptravels.qa.testcases.AdminAccountHomeSuppliersPageTest@62379589]" started-at="2020-07-22T16:34:33 EDT" name="clickOnSuppliers" data-provider="getTestDataPHP" finished-at="2020-07-22T16:34:39 EDT" duration-ms="5898" status="PASS">
          <params>
            <param index="0">
              <value>
                <![CDATA[Bill]]>
              </value>
            </param>
            <param index="1">
              <value>
                <![CDATA[Kelly]]>
              </value>
            </param>
            <param index="2">
              <value>
                <![CDATA[BillK123@xyz.com]]>
              </value>
            </param>
            <param index="3">
              <value>
                <![CDATA[BillK123@]]>
              </value>
            </param>
            <param index="4">
              <value>
                <![CDATA[2.345678901E9]]>
              </value>
            </param>
            <param index="5">
              <value>
                <![CDATA[India]]>
              </value>
            </param>
          </params>
          <reporter-output>
          </reporter-output>
        </test-method> <!-- clickOnSuppliers -->
        <test-method is-config="true" signature="tearDown()[pri:0, instance:com.phptravels.qa.testcases.AdminAccountHomeSuppliersPageTest@62379589]" started-at="2020-07-22T16:34:39 EDT" name="tearDown" finished-at="2020-07-22T16:34:40 EDT" duration-ms="640" status="PASS">
          <reporter-output>
          </reporter-output>
        </test-method> <!-- tearDown -->
        <test-method is-config="true" signature="setUp()[pri:0, instance:com.phptravels.qa.testcases.AdminAccountHomeSuppliersPageTest@62379589]" started-at="2020-07-22T16:34:40 EDT" name="setUp" finished-at="2020-07-22T16:34:56 EDT" duration-ms="15786" status="PASS">
          <reporter-output>
          </reporter-output>
        </test-method> <!-- setUp -->
        <test-method signature="clickOnSuppliers(java.lang.String, java.lang.String, java.lang.String, java.lang.String, java.lang.String, java.lang.String)[pri:3, instance:com.phptravels.qa.testcases.AdminAccountHomeSuppliersPageTest@62379589]" started-at="2020-07-22T16:34:56 EDT" name="clickOnSuppliers" data-provider="getTestDataPHP" finished-at="2020-07-22T16:35:05 EDT" duration-ms="8892" status="PASS">
          <params>
            <param index="0">
              <value>
                <![CDATA[Adam]]>
              </value>
            </param>
            <param index="1">
              <value>
                <![CDATA[Brand]]>
              </value>
            </param>
            <param index="2">
              <value>
                <![CDATA[AdamB@rtysf.com]]>
              </value>
            </param>
            <param index="3">
              <value>
                <![CDATA[AdamB123]]>
              </value>
            </param>
            <param index="4">
              <value>
                <![CDATA[3.456789012E9]]>
              </value>
            </param>
            <param index="5">
              <value>
                <![CDATA[China]]>
              </value>
            </param>
          </params>
          <reporter-output>
          </reporter-output>
        </test-method> <!-- clickOnSuppliers -->
        <test-method is-config="true" signature="tearDown()[pri:0, instance:com.phptravels.qa.testcases.AdminAccountHomeSuppliersPageTest@62379589]" started-at="2020-07-22T16:35:05 EDT" name="tearDown" finished-at="2020-07-22T16:35:05 EDT" duration-ms="623" status="PASS">
          <reporter-output>
          </reporter-output>
        </test-method> <!-- tearDown -->
        <test-method is-config="true" signature="setUp()[pri:0, instance:com.phptravels.qa.testcases.AdminAccountHomeSuppliersPageTest@62379589]" started-at="2020-07-22T16:35:05 EDT" name="setUp" finished-at="2020-07-22T16:35:20 EDT" duration-ms="14870" status="PASS">
          <reporter-output>
          </reporter-output>
        </test-method> <!-- setUp -->
        <test-method signature="clickOnSuppliers(java.lang.String, java.lang.String, java.lang.String, java.lang.String, java.lang.String, java.lang.String)[pri:3, instance:com.phptravels.qa.testcases.AdminAccountHomeSuppliersPageTest@62379589]" started-at="2020-07-22T16:35:20 EDT" name="clickOnSuppliers" data-provider="getTestDataPHP" finished-at="2020-07-22T16:35:30 EDT" duration-ms="9772" status="PASS">
          <params>
            <param index="0">
              <value>
                <![CDATA[Will]]>
              </value>
            </param>
            <param index="1">
              <value>
                <![CDATA[Henderson]]>
              </value>
            </param>
            <param index="2">
              <value>
                <![CDATA[WillH@xyz.com]]>
              </value>
            </param>
            <param index="3">
              <value>
                <![CDATA[WillH123]]>
              </value>
            </param>
            <param index="4">
              <value>
                <![CDATA[4.567901244E9]]>
              </value>
            </param>
            <param index="5">
              <value>
                <![CDATA[United Kingdom]]>
              </value>
            </param>
          </params>
          <reporter-output>
          </reporter-output>
        </test-method> <!-- clickOnSuppliers -->
        <test-method is-config="true" signature="tearDown()[pri:0, instance:com.phptravels.qa.testcases.AdminAccountHomeSuppliersPageTest@62379589]" started-at="2020-07-22T16:35:30 EDT" name="tearDown" finished-at="2020-07-22T16:35:31 EDT" duration-ms="1129" status="PASS">
          <reporter-output>
          </reporter-output>
        </test-method> <!-- tearDown -->
        <test-method is-config="true" signature="setUp()[pri:0, instance:com.phptravels.qa.testcases.AdminAccountHomeSuppliersPageTest@62379589]" started-at="2020-07-22T16:35:31 EDT" name="setUp" finished-at="2020-07-22T16:35:47 EDT" duration-ms="15550" status="PASS">
          <reporter-output>
          </reporter-output>
        </test-method> <!-- setUp -->
        <test-method signature="clickOnSuppliers(java.lang.String, java.lang.String, java.lang.String, java.lang.String, java.lang.String, java.lang.String)[pri:3, instance:com.phptravels.qa.testcases.AdminAccountHomeSuppliersPageTest@62379589]" started-at="2020-07-22T16:35:47 EDT" name="clickOnSuppliers" data-provider="getTestDataPHP" finished-at="2020-07-22T16:35:52 EDT" duration-ms="5492" status="PASS">
          <params>
            <param index="0">
              <value>
                <![CDATA[Sam]]>
              </value>
            </param>
            <param index="1">
              <value>
                <![CDATA[C]]>
              </value>
            </param>
            <param index="2">
              <value>
                <![CDATA[Samc123@rte.com]]>
              </value>
            </param>
            <param index="3">
              <value>
                <![CDATA[SamC123]]>
              </value>
            </param>
            <param index="4">
              <value>
                <![CDATA[1.23456789E9]]>
              </value>
            </param>
            <param index="5">
              <value>
                <![CDATA[India]]>
              </value>
            </param>
          </params>
          <reporter-output>
          </reporter-output>
        </test-method> <!-- clickOnSuppliers -->
        <test-method is-config="true" signature="tearDown()[pri:0, instance:com.phptravels.qa.testcases.AdminAccountHomeSuppliersPageTest@62379589]" started-at="2020-07-22T16:35:52 EDT" name="tearDown" finished-at="2020-07-22T16:35:53 EDT" duration-ms="632" status="PASS">
          <reporter-output>
          </reporter-output>
        </test-method> <!-- tearDown -->
        <test-method is-config="true" signature="setUp()[pri:0, instance:com.phptravels.qa.testcases.AdminAccountHomeSuppliersPageTest@62379589]" started-at="2020-07-22T16:35:53 EDT" name="setUp" finished-at="2020-07-22T16:36:08 EDT" duration-ms="14777" status="PASS">
          <reporter-output>
          </reporter-output>
        </test-method> <!-- setUp -->
        <test-method signature="clickOnSuppliers(java.lang.String, java.lang.String, java.lang.String, java.lang.String, java.lang.String, java.lang.String)[pri:3, instance:com.phptravels.qa.testcases.AdminAccountHomeSuppliersPageTest@62379589]" started-at="2020-07-22T16:36:08 EDT" name="clickOnSuppliers" data-provider="getTestDataPHP" finished-at="2020-07-22T16:36:13 EDT" duration-ms="5688" status="PASS">
          <params>
            <param index="0">
              <value>
                <![CDATA[Pri]]>
              </value>
            </param>
            <param index="1">
              <value>
                <![CDATA[Sahani]]>
              </value>
            </param>
            <param index="2">
              <value>
                <![CDATA[PriS@yahhoo.com]]>
              </value>
            </param>
            <param index="3">
              <value>
                <![CDATA[PriS123]]>
              </value>
            </param>
            <param index="4">
              <value>
                <![CDATA[2.345567754E9]]>
              </value>
            </param>
            <param index="5">
              <value>
                <![CDATA[Canada]]>
              </value>
            </param>
          </params>
          <reporter-output>
          </reporter-output>
        </test-method> <!-- clickOnSuppliers -->
        <test-method is-config="true" signature="tearDown()[pri:0, instance:com.phptravels.qa.testcases.AdminAccountHomeSuppliersPageTest@62379589]" started-at="2020-07-22T16:36:13 EDT" name="tearDown" finished-at="2020-07-22T16:36:14 EDT" duration-ms="641" status="PASS">
          <reporter-output>
          </reporter-output>
        </test-method> <!-- tearDown -->
        <test-method is-config="true" signature="setUp()[pri:0, instance:com.phptravels.qa.testcases.AdminAccountHomeSuppliersPageTest@62379589]" started-at="2020-07-22T16:36:14 EDT" name="setUp" finished-at="2020-07-22T16:36:27 EDT" duration-ms="12727" status="PASS">
          <reporter-output>
          </reporter-output>
        </test-method> <!-- setUp -->
        <test-method signature="clickOnSuppliers(java.lang.String, java.lang.String, java.lang.String, java.lang.String, java.lang.String, java.lang.String)[pri:3, instance:com.phptravels.qa.testcases.AdminAccountHomeSuppliersPageTest@62379589]" started-at="2020-07-22T16:36:27 EDT" name="clickOnSuppliers" data-provider="getTestDataPHP" finished-at="2020-07-22T16:36:33 EDT" duration-ms="5946" status="PASS">
          <params>
            <param index="0">
              <value>
                <![CDATA[David]]>
              </value>
            </param>
            <param index="1">
              <value>
                <![CDATA[Bakharia]]>
              </value>
            </param>
            <param index="2">
              <value>
                <![CDATA[DavidS@yahhoo.com]]>
              </value>
            </param>
            <param index="3">
              <value>
                <![CDATA[DavidS123]]>
              </value>
            </param>
            <param index="4">
              <value>
                <![CDATA[5.678765433E9]]>
              </value>
            </param>
            <param index="5">
              <value>
                <![CDATA[Brazil]]>
              </value>
            </param>
          </params>
          <reporter-output>
          </reporter-output>
        </test-method> <!-- clickOnSuppliers -->
        <test-method is-config="true" signature="tearDown()[pri:0, instance:com.phptravels.qa.testcases.AdminAccountHomeSuppliersPageTest@62379589]" started-at="2020-07-22T16:36:33 EDT" name="tearDown" finished-at="2020-07-22T16:36:33 EDT" duration-ms="624" status="PASS">
          <reporter-output>
          </reporter-output>
        </test-method> <!-- tearDown -->
        <test-method is-config="true" signature="setUp()[pri:0, instance:com.phptravels.qa.testcases.AdminAccountHomeSuppliersPageTest@62379589]" started-at="2020-07-22T16:36:33 EDT" name="setUp" finished-at="2020-07-22T16:36:48 EDT" duration-ms="14497" status="PASS">
          <reporter-output>
          </reporter-output>
        </test-method> <!-- setUp -->
        <test-method signature="clickOnSuppliers(java.lang.String, java.lang.String, java.lang.String, java.lang.String, java.lang.String, java.lang.String)[pri:3, instance:com.phptravels.qa.testcases.AdminAccountHomeSuppliersPageTest@62379589]" started-at="2020-07-22T16:36:48 EDT" name="clickOnSuppliers" data-provider="getTestDataPHP" finished-at="2020-07-22T16:36:59 EDT" duration-ms="11726" status="PASS">
          <params>
            <param index="0">
              <value>
                <![CDATA[Sean]]>
              </value>
            </param>
            <param index="1">
              <value>
                <![CDATA[Banerjee]]>
              </value>
            </param>
            <param index="2">
              <value>
                <![CDATA[SeanS@yahhoo.com]]>
              </value>
            </param>
            <param index="3">
              <value>
                <![CDATA[SeanS123]]>
              </value>
            </param>
            <param index="4">
              <value>
                <![CDATA[8.9966553847E10]]>
              </value>
            </param>
            <param index="5">
              <value>
                <![CDATA[Ukraine]]>
              </value>
            </param>
          </params>
          <reporter-output>
          </reporter-output>
        </test-method> <!-- clickOnSuppliers -->
        <test-method is-config="true" signature="tearDown()[pri:0, instance:com.phptravels.qa.testcases.AdminAccountHomeSuppliersPageTest@62379589]" started-at="2020-07-22T16:36:59 EDT" name="tearDown" finished-at="2020-07-22T16:37:00 EDT" duration-ms="650" status="PASS">
          <reporter-output>
          </reporter-output>
        </test-method> <!-- tearDown -->
        <test-method is-config="true" signature="setUp()[pri:0, instance:com.phptravels.qa.testcases.AdminAccountHomeSuppliersPageTest@62379589]" started-at="2020-07-22T16:37:00 EDT" name="setUp" finished-at="2020-07-22T16:37:15 EDT" duration-ms="15314" status="PASS">
          <reporter-output>
          </reporter-output>
        </test-method> <!-- setUp -->
        <test-method signature="clickOnSuppliers(java.lang.String, java.lang.String, java.lang.String, java.lang.String, java.lang.String, java.lang.String)[pri:3, instance:com.phptravels.qa.testcases.AdminAccountHomeSuppliersPageTest@62379589]" started-at="2020-07-22T16:37:15 EDT" name="clickOnSuppliers" data-provider="getTestDataPHP" finished-at="2020-07-22T16:37:25 EDT" duration-ms="9429" status="PASS">
          <params>
            <param index="0">
              <value>
                <![CDATA[Neha]]>
              </value>
            </param>
            <param index="1">
              <value>
                <![CDATA[Jhakoti]]>
              </value>
            </param>
            <param index="2">
              <value>
                <![CDATA[NehaS@yahhoo.com]]>
              </value>
            </param>
            <param index="3">
              <value>
                <![CDATA[NehaS123]]>
              </value>
            </param>
            <param index="4">
              <value>
                <![CDATA[3.4636528762E10]]>
              </value>
            </param>
            <param index="5">
              <value>
                <![CDATA[Turkey]]>
              </value>
            </param>
          </params>
          <reporter-output>
          </reporter-output>
        </test-method> <!-- clickOnSuppliers -->
        <test-method is-config="true" signature="tearDown()[pri:0, instance:com.phptravels.qa.testcases.AdminAccountHomeSuppliersPageTest@62379589]" started-at="2020-07-22T16:37:25 EDT" name="tearDown" finished-at="2020-07-22T16:37:25 EDT" duration-ms="643" status="PASS">
          <reporter-output>
          </reporter-output>
        </test-method> <!-- tearDown -->
        <test-method is-config="true" signature="setUp()[pri:0, instance:com.phptravels.qa.testcases.AdminAccountHomeSuppliersPageTest@62379589]" started-at="2020-07-22T16:37:25 EDT" name="setUp" finished-at="2020-07-22T16:37:38 EDT" duration-ms="12153" status="PASS">
          <reporter-output>
          </reporter-output>
        </test-method> <!-- setUp -->
        <test-method signature="clickOnSuppliers(java.lang.String, java.lang.String, java.lang.String, java.lang.String, java.lang.String, java.lang.String)[pri:3, instance:com.phptravels.qa.testcases.AdminAccountHomeSuppliersPageTest@62379589]" started-at="2020-07-22T16:37:38 EDT" name="clickOnSuppliers" data-provider="getTestDataPHP" finished-at="2020-07-22T16:37:48 EDT" duration-ms="10277" status="PASS">
          <params>
            <param index="0">
              <value>
                <![CDATA[Ramya]]>
              </value>
            </param>
            <param index="1">
              <value>
                <![CDATA[Tatvarthi]]>
              </value>
            </param>
            <param index="2">
              <value>
                <![CDATA[RamyaS@yahhoo.com]]>
              </value>
            </param>
            <param index="3">
              <value>
                <![CDATA[RamyaS123]]>
              </value>
            </param>
            <param index="4">
              <value>
                <![CDATA[8.996553847E9]]>
              </value>
            </param>
            <param index="5">
              <value>
                <![CDATA[Uganda]]>
              </value>
            </param>
          </params>
          <reporter-output>
          </reporter-output>
        </test-method> <!-- clickOnSuppliers -->
        <test-method is-config="true" signature="tearDown()[pri:0, instance:com.phptravels.qa.testcases.AdminAccountHomeSuppliersPageTest@62379589]" started-at="2020-07-22T16:37:48 EDT" name="tearDown" finished-at="2020-07-22T16:37:48 EDT" duration-ms="619" status="PASS">
          <reporter-output>
          </reporter-output>
        </test-method> <!-- tearDown -->
      </class> <!-- com.phptravels.qa.testcases.AdminAccountHomeSuppliersPageTest -->
      <class name="com.phptravels.qa.testcases.AdminAccountHomePageTest">
        <test-method is-config="true" signature="setUp()[pri:0, instance:com.phptravels.qa.testcases.AdminAccountHomePageTest@3754a4bf]" started-at="2020-07-22T16:32:24 EDT" name="setUp" finished-at="2020-07-22T16:32:39 EDT" duration-ms="15306" status="PASS">
          <reporter-output>
          </reporter-output>
        </test-method> <!-- setUp -->
        <test-method signature="clickOnSuppliers()[pri:1, instance:com.phptravels.qa.testcases.AdminAccountHomePageTest@3754a4bf]" started-at="2020-07-22T16:32:39 EDT" name="clickOnSuppliers" finished-at="2020-07-22T16:32:42 EDT" duration-ms="2905" status="PASS">
          <reporter-output>
          </reporter-output>
        </test-method> <!-- clickOnSuppliers -->
        <test-method is-config="true" signature="setUp()[pri:0, instance:com.phptravels.qa.testcases.AdminAccountHomePageTest@3754a4bf]" started-at="2020-07-22T16:32:42 EDT" name="setUp" finished-at="2020-07-22T16:32:54 EDT" duration-ms="12032" status="PASS">
          <reporter-output>
          </reporter-output>
        </test-method> <!-- setUp -->
        <test-method signature="loginPageTitleTest()[pri:1, instance:com.phptravels.qa.testcases.AdminAccountHomePageTest@3754a4bf]" started-at="2020-07-22T16:32:54 EDT" name="loginPageTitleTest" finished-at="2020-07-22T16:32:54 EDT" duration-ms="95" status="PASS">
          <reporter-output>
          </reporter-output>
        </test-method> <!-- loginPageTitleTest -->
      </class> <!-- com.phptravels.qa.testcases.AdminAccountHomePageTest -->
      <class name="com.phptravels.qa.testcases.AdminAccountLoginPageTest">
        <test-method is-config="true" signature="setUp()[pri:0, instance:com.phptravels.qa.testcases.AdminAccountLoginPageTest@4afcd809]" started-at="2020-07-22T16:37:48 EDT" name="setUp" finished-at="2020-07-22T16:37:57 EDT" duration-ms="8131" status="PASS">
          <reporter-output>
          </reporter-output>
        </test-method> <!-- setUp -->
        <test-method signature="loginPageTitleTest()[pri:1, instance:com.phptravels.qa.testcases.AdminAccountLoginPageTest@4afcd809]" started-at="2020-07-22T16:37:57 EDT" name="loginPageTitleTest" finished-at="2020-07-22T16:38:06 EDT" duration-ms="9850" status="PASS">
          <reporter-output>
          </reporter-output>
        </test-method> <!-- loginPageTitleTest -->
        <test-method is-config="true" signature="tearDown()[pri:0, instance:com.phptravels.qa.testcases.AdminAccountLoginPageTest@4afcd809]" started-at="2020-07-22T16:38:06 EDT" name="tearDown" finished-at="2020-07-22T16:38:07 EDT" duration-ms="618" status="PASS">
          <reporter-output>
          </reporter-output>
        </test-method> <!-- tearDown -->
        <test-method is-config="true" signature="setUp()[pri:0, instance:com.phptravels.qa.testcases.AdminAccountLoginPageTest@4afcd809]" started-at="2020-07-22T16:38:07 EDT" name="setUp" finished-at="2020-07-22T16:38:15 EDT" duration-ms="7927" status="PASS">
          <reporter-output>
          </reporter-output>
        </test-method> <!-- setUp -->
        <test-method signature="loginTest()[pri:3, instance:com.phptravels.qa.testcases.AdminAccountLoginPageTest@4afcd809]" started-at="2020-07-22T16:38:15 EDT" name="loginTest" finished-at="2020-07-22T16:38:18 EDT" duration-ms="3466" status="PASS">
          <reporter-output>
          </reporter-output>
        </test-method> <!-- loginTest -->
        <test-method is-config="true" signature="tearDown()[pri:0, instance:com.phptravels.qa.testcases.AdminAccountLoginPageTest@4afcd809]" started-at="2020-07-22T16:38:18 EDT" name="tearDown" finished-at="2020-07-22T16:38:19 EDT" duration-ms="603" status="PASS">
          <reporter-output>
          </reporter-output>
        </test-method> <!-- tearDown -->
      </class> <!-- com.phptravels.qa.testcases.AdminAccountLoginPageTest -->
      <class name="com.phptravels.qa.testcases.HomePageFrontUserLoginPageTest">
        <test-method is-config="true" signature="setUp()[pri:0, instance:com.phptravels.qa.testcases.HomePageFrontUserLoginPageTest@5bf0d49]" started-at="2020-07-22T16:41:10 EDT" name="setUp" finished-at="2020-07-22T16:41:22 EDT" duration-ms="12105" status="PASS">
          <reporter-output>
          </reporter-output>
        </test-method> <!-- setUp -->
        <test-method signature="loginPageTitleTest()[pri:1, instance:com.phptravels.qa.testcases.HomePageFrontUserLoginPageTest@5bf0d49]" started-at="2020-07-22T16:41:22 EDT" name="loginPageTitleTest" finished-at="2020-07-22T16:41:22 EDT" duration-ms="48" status="PASS">
          <reporter-output>
          </reporter-output>
        </test-method> <!-- loginPageTitleTest -->
        <test-method is-config="true" signature="tearDown()[pri:0, instance:com.phptravels.qa.testcases.HomePageFrontUserLoginPageTest@5bf0d49]" started-at="2020-07-22T16:41:22 EDT" name="tearDown" finished-at="2020-07-22T16:41:23 EDT" duration-ms="646" status="PASS">
          <reporter-output>
          </reporter-output>
        </test-method> <!-- tearDown -->
        <test-method is-config="true" signature="setUp()[pri:0, instance:com.phptravels.qa.testcases.HomePageFrontUserLoginPageTest@5bf0d49]" started-at="2020-07-22T16:41:23 EDT" name="setUp" finished-at="2020-07-22T16:41:35 EDT" duration-ms="12163" status="PASS">
          <reporter-output>
          </reporter-output>
        </test-method> <!-- setUp -->
        <test-method signature="validateLoginImgTest()[pri:2, instance:com.phptravels.qa.testcases.HomePageFrontUserLoginPageTest@5bf0d49]" started-at="2020-07-22T16:41:35 EDT" name="validateLoginImgTest" finished-at="2020-07-22T16:41:35 EDT" duration-ms="49" status="PASS">
          <reporter-output>
          </reporter-output>
        </test-method> <!-- validateLoginImgTest -->
        <test-method is-config="true" signature="tearDown()[pri:0, instance:com.phptravels.qa.testcases.HomePageFrontUserLoginPageTest@5bf0d49]" started-at="2020-07-22T16:41:35 EDT" name="tearDown" finished-at="2020-07-22T16:41:35 EDT" duration-ms="659" status="PASS">
          <reporter-output>
          </reporter-output>
        </test-method> <!-- tearDown -->
        <test-method is-config="true" signature="setUp()[pri:0, instance:com.phptravels.qa.testcases.HomePageFrontUserLoginPageTest@5bf0d49]" started-at="2020-07-22T16:41:35 EDT" name="setUp" finished-at="2020-07-22T16:41:46 EDT" duration-ms="10793" status="PASS">
          <reporter-output>
          </reporter-output>
        </test-method> <!-- setUp -->
        <test-method signature="loginTest()[pri:3, instance:com.phptravels.qa.testcases.HomePageFrontUserLoginPageTest@5bf0d49]" started-at="2020-07-22T16:41:46 EDT" name="loginTest" finished-at="2020-07-22T16:41:47 EDT" duration-ms="489" status="PASS">
          <reporter-output>
          </reporter-output>
        </test-method> <!-- loginTest -->
        <test-method is-config="true" signature="tearDown()[pri:0, instance:com.phptravels.qa.testcases.HomePageFrontUserLoginPageTest@5bf0d49]" started-at="2020-07-22T16:41:47 EDT" name="tearDown" finished-at="2020-07-22T16:41:48 EDT" duration-ms="1113" status="PASS">
          <reporter-output>
          </reporter-output>
        </test-method> <!-- tearDown -->
      </class> <!-- com.phptravels.qa.testcases.HomePageFrontUserLoginPageTest -->
      <class name="com.phptravels.qa.testcases.HomePageFrontUserHomePageTest">
        <test-method is-config="true" signature="setup()[pri:0, instance:com.phptravels.qa.testcases.HomePageFrontUserHomePageTest@175c2241]" started-at="2020-07-22T16:38:19 EDT" name="setup" finished-at="2020-07-22T16:38:26 EDT" duration-ms="7026" status="PASS">
          <reporter-output>
          </reporter-output>
        </test-method> <!-- setup -->
        <test-method signature="chooseCurrency()[pri:0, instance:com.phptravels.qa.testcases.HomePageFrontUserHomePageTest@175c2241]" started-at="2020-07-22T16:38:26 EDT" name="chooseCurrency" finished-at="2020-07-22T16:38:30 EDT" duration-ms="3919" status="PASS">
          <reporter-output>
          </reporter-output>
        </test-method> <!-- chooseCurrency -->
        <test-method is-config="true" signature="tearDown()[pri:0, instance:com.phptravels.qa.testcases.HomePageFrontUserHomePageTest@175c2241]" started-at="2020-07-22T16:38:30 EDT" name="tearDown" finished-at="2020-07-22T16:38:31 EDT" duration-ms="672" status="PASS">
          <reporter-output>
          </reporter-output>
        </test-method> <!-- tearDown -->
        <test-method is-config="true" signature="setup()[pri:0, instance:com.phptravels.qa.testcases.HomePageFrontUserHomePageTest@175c2241]" started-at="2020-07-22T16:38:31 EDT" name="setup" finished-at="2020-07-22T16:38:38 EDT" duration-ms="7658" status="PASS">
          <reporter-output>
          </reporter-output>
        </test-method> <!-- setup -->
        <test-method signature="chooseLanguage()[pri:0, instance:com.phptravels.qa.testcases.HomePageFrontUserHomePageTest@175c2241]" started-at="2020-07-22T16:38:38 EDT" name="chooseLanguage" finished-at="2020-07-22T16:39:24 EDT" duration-ms="45393" status="FAIL">
          <exception class="org.openqa.selenium.NoSuchElementException">
            <message>
              <![CDATA[no such element: Unable to locate element: {"method":"xpath","selector":"//h2[@class='float-none' and contains(text(),'Nouvelles du blog')]"}
  (Session info: chrome=83.0.4103.116)
For documentation on this error, please visit: https://www.seleniumhq.org/exceptions/no_such_element.html
Build info: version: '3.141.59', revision: 'e82be7d358', time: '2018-11-14T08:17:03'
System info: host: 'DESKTOP-ALJ1I0Q', ip: '192.168.0.16', os.name: 'Windows 10', os.arch: 'amd64', os.version: '10.0', java.version: '11.0.7'
Driver info: org.openqa.selenium.chrome.ChromeDriver
Capabilities {acceptInsecureCerts: false, browserName: chrome, browserVersion: 83.0.4103.116, chrome: {chromedriverVersion: 83.0.4103.39 (ccbf011cb2d2b..., userDataDir: C:\Users\Sharmistha\AppData...}, goog:chromeOptions: {debuggerAddress: localhost:54726}, javascriptEnabled: true, networkConnectionEnabled: false, pageLoadStrategy: normal, platform: WINDOWS, platformName: WINDOWS, proxy: Proxy(), setWindowRect: true, strictFileInteractability: false, timeouts: {implicit: 0, pageLoad: 300000, script: 30000}, unhandledPromptBehavior: dismiss and notify, webauthn:virtualAuthenticators: true}
Session ID: d1effdd1908437fb74dc7380fa65753c
*** Element info: {Using=xpath, value=//h2[@class='float-none' and contains(text(),'Nouvelles du blog')]}]]>
            </message>
            <full-stacktrace>
              <![CDATA[org.openqa.selenium.NoSuchElementException: no such element: Unable to locate element: {"method":"xpath","selector":"//h2[@class='float-none' and contains(text(),'Nouvelles du blog')]"}
  (Session info: chrome=83.0.4103.116)
For documentation on this error, please visit: https://www.seleniumhq.org/exceptions/no_such_element.html
Build info: version: '3.141.59', revision: 'e82be7d358', time: '2018-11-14T08:17:03'
System info: host: 'DESKTOP-ALJ1I0Q', ip: '192.168.0.16', os.name: 'Windows 10', os.arch: 'amd64', os.version: '10.0', java.version: '11.0.7'
Driver info: org.openqa.selenium.chrome.ChromeDriver
Capabilities {acceptInsecureCerts: false, browserName: chrome, browserVersion: 83.0.4103.116, chrome: {chromedriverVersion: 83.0.4103.39 (ccbf011cb2d2b..., userDataDir: C:\Users\Sharmistha\AppData...}, goog:chromeOptions: {debuggerAddress: localhost:54726}, javascriptEnabled: true, networkConnectionEnabled: false, pageLoadStrategy: normal, platform: WINDOWS, platformName: WINDOWS, proxy: Proxy(), setWindowRect: true, strictFileInteractability: false, timeouts: {implicit: 0, pageLoad: 300000, script: 30000}, unhandledPromptBehavior: dismiss and notify, webauthn:virtualAuthenticators: true}
Session ID: d1effdd1908437fb74dc7380fa65753c
*** Element info: {Using=xpath, value=//h2[@class='float-none' and contains(text(),'Nouvelles du blog')]}
at java.base/jdk.internal.reflect.NativeConstructorAccessorImpl.newInstance0(Native Method)
at java.base/jdk.internal.reflect.NativeConstructorAccessorImpl.newInstance(NativeConstructorAccessorImpl.java:62)
at java.base/jdk.internal.reflect.DelegatingConstructorAccessorImpl.newInstance(DelegatingConstructorAccessorImpl.java:45)
at java.base/java.lang.reflect.Constructor.newInstance(Constructor.java:490)
at org.openqa.selenium.remote.http.W3CHttpResponseCodec.createException(W3CHttpResponseCodec.java:187)
at org.openqa.selenium.remote.http.W3CHttpResponseCodec.decode(W3CHttpResponseCodec.java:122)
at org.openqa.selenium.remote.http.W3CHttpResponseCodec.decode(W3CHttpResponseCodec.java:49)
at org.openqa.selenium.remote.HttpCommandExecutor.execute(HttpCommandExecutor.java:158)
at org.openqa.selenium.remote.service.DriverCommandExecutor.execute(DriverCommandExecutor.java:83)
at org.openqa.selenium.remote.RemoteWebDriver.execute(RemoteWebDriver.java:552)
at org.openqa.selenium.remote.RemoteWebDriver.findElement(RemoteWebDriver.java:323)
at org.openqa.selenium.remote.RemoteWebDriver.findElementByXPath(RemoteWebDriver.java:428)
at org.openqa.selenium.By$ByXPath.findElement(By.java:353)
at org.openqa.selenium.remote.RemoteWebDriver.findElement(RemoteWebDriver.java:315)
at jdk.internal.reflect.GeneratedMethodAccessor4.invoke(Unknown Source)
at java.base/jdk.internal.reflect.DelegatingMethodAccessorImpl.invoke(DelegatingMethodAccessorImpl.java:43)
at java.base/java.lang.reflect.Method.invoke(Method.java:566)
at org.openqa.selenium.support.events.EventFiringWebDriver.lambda$new$1(EventFiringWebDriver.java:105)
at com.sun.proxy.$Proxy8.findElement(Unknown Source)
at org.openqa.selenium.support.events.EventFiringWebDriver.findElement(EventFiringWebDriver.java:194)
at com.phptravels.qa.pages.HomePageFrontUserHomePage.chooseLanguage(HomePageFrontUserHomePage.java:81)
at com.phptravels.qa.testcases.HomePageFrontUserHomePageTest.chooseLanguage(HomePageFrontUserHomePageTest.java:64)
at java.base/jdk.internal.reflect.NativeMethodAccessorImpl.invoke0(Native Method)
at java.base/jdk.internal.reflect.NativeMethodAccessorImpl.invoke(NativeMethodAccessorImpl.java:62)
at java.base/jdk.internal.reflect.DelegatingMethodAccessorImpl.invoke(DelegatingMethodAccessorImpl.java:43)
at java.base/java.lang.reflect.Method.invoke(Method.java:566)
at org.testng.internal.MethodInvocationHelper.invokeMethod(MethodInvocationHelper.java:134)
at org.testng.internal.TestInvoker.invokeMethod(TestInvoker.java:597)
at org.testng.internal.TestInvoker.invokeTestMethod(TestInvoker.java:173)
at org.testng.internal.MethodRunner.runInSequence(MethodRunner.java:46)
at org.testng.internal.TestInvoker$MethodInvocationAgent.invoke(TestInvoker.java:816)
at org.testng.internal.TestInvoker.invokeTestMethods(TestInvoker.java:146)
at org.testng.internal.TestMethodWorker.invokeTestMethods(TestMethodWorker.java:146)
at org.testng.internal.TestMethodWorker.run(TestMethodWorker.java:128)
at java.base/java.util.ArrayList.forEach(ArrayList.java:1540)
at org.testng.TestRunner.privateRun(TestRunner.java:766)
at org.testng.TestRunner.run(TestRunner.java:587)
at org.testng.SuiteRunner.runTest(SuiteRunner.java:384)
at org.testng.SuiteRunner.runSequentially(SuiteRunner.java:378)
at org.testng.SuiteRunner.privateRun(SuiteRunner.java:337)
at org.testng.SuiteRunner.run(SuiteRunner.java:286)
at org.testng.SuiteRunnerWorker.runSuite(SuiteRunnerWorker.java:53)
at org.testng.SuiteRunnerWorker.run(SuiteRunnerWorker.java:96)
at org.testng.TestNG.runSuitesSequentially(TestNG.java:1187)
at org.testng.TestNG.runSuitesLocally(TestNG.java:1109)
at org.testng.TestNG.runSuites(TestNG.java:1039)
at org.testng.TestNG.run(TestNG.java:1007)
at org.apache.maven.surefire.testng.TestNGExecutor.run(TestNGExecutor.java:135)
at org.apache.maven.surefire.testng.TestNGDirectoryTestSuite.executeMulti(TestNGDirectoryTestSuite.java:193)
at org.apache.maven.surefire.testng.TestNGDirectoryTestSuite.execute(TestNGDirectoryTestSuite.java:94)
at org.apache.maven.surefire.testng.TestNGProvider.invoke(TestNGProvider.java:146)
at org.apache.maven.surefire.booter.ForkedBooter.invokeProviderInSameClassLoader(ForkedBooter.java:384)
at org.apache.maven.surefire.booter.ForkedBooter.runSuitesInProcess(ForkedBooter.java:345)
at org.apache.maven.surefire.booter.ForkedBooter.execute(ForkedBooter.java:126)
at org.apache.maven.surefire.booter.ForkedBooter.main(ForkedBooter.java:418)
]]>
            </full-stacktrace>
          </exception> <!-- org.openqa.selenium.NoSuchElementException -->
          <reporter-output>
          </reporter-output>
        </test-method> <!-- chooseLanguage -->
        <test-method is-config="true" signature="tearDown()[pri:0, instance:com.phptravels.qa.testcases.HomePageFrontUserHomePageTest@175c2241]" started-at="2020-07-22T16:39:24 EDT" name="tearDown" finished-at="2020-07-22T16:39:24 EDT" duration-ms="678" status="PASS">
          <reporter-output>
          </reporter-output>
        </test-method> <!-- tearDown -->
        <test-method is-config="true" signature="setup()[pri:0, instance:com.phptravels.qa.testcases.HomePageFrontUserHomePageTest@175c2241]" started-at="2020-07-22T16:39:24 EDT" name="setup" finished-at="2020-07-22T16:39:33 EDT" duration-ms="8757" status="PASS">
          <reporter-output>
          </reporter-output>
        </test-method> <!-- setup -->
        <test-method signature="fillOutTheForm()[pri:0, instance:com.phptravels.qa.testcases.HomePageFrontUserHomePageTest@175c2241]" started-at="2020-07-22T16:39:33 EDT" name="fillOutTheForm" finished-at="2020-07-22T16:39:56 EDT" duration-ms="22676" status="FAIL">
          <exception class="org.openqa.selenium.NoSuchElementException">
            <message>
              <![CDATA[no such element: Unable to locate element: {"method":"xpath","selector":"//div[@id='s2id_autogen10']//a[@class='select2-choice']//span[text()='Search by Hotel or City Name']"}
  (Session info: chrome=83.0.4103.116)
For documentation on this error, please visit: https://www.seleniumhq.org/exceptions/no_such_element.html
Build info: version: '3.141.59', revision: 'e82be7d358', time: '2018-11-14T08:17:03'
System info: host: 'DESKTOP-ALJ1I0Q', ip: '192.168.0.16', os.name: 'Windows 10', os.arch: 'amd64', os.version: '10.0', java.version: '11.0.7'
Driver info: org.openqa.selenium.chrome.ChromeDriver
Capabilities {acceptInsecureCerts: false, browserName: chrome, browserVersion: 83.0.4103.116, chrome: {chromedriverVersion: 83.0.4103.39 (ccbf011cb2d2b..., userDataDir: C:\Users\Sharmistha\AppData...}, goog:chromeOptions: {debuggerAddress: localhost:54825}, javascriptEnabled: true, networkConnectionEnabled: false, pageLoadStrategy: normal, platform: WINDOWS, platformName: WINDOWS, proxy: Proxy(), setWindowRect: true, strictFileInteractability: false, timeouts: {implicit: 0, pageLoad: 300000, script: 30000}, unhandledPromptBehavior: dismiss and notify, webauthn:virtualAuthenticators: true}
Session ID: 47d830292969088abfc63ebc097a2da3
*** Element info: {Using=xpath, value=//div[@id='s2id_autogen10']//a[@class='select2-choice']//span[text()='Search by Hotel or City Name']}]]>
            </message>
            <full-stacktrace>
              <![CDATA[org.openqa.selenium.NoSuchElementException: no such element: Unable to locate element: {"method":"xpath","selector":"//div[@id='s2id_autogen10']//a[@class='select2-choice']//span[text()='Search by Hotel or City Name']"}
  (Session info: chrome=83.0.4103.116)
For documentation on this error, please visit: https://www.seleniumhq.org/exceptions/no_such_element.html
Build info: version: '3.141.59', revision: 'e82be7d358', time: '2018-11-14T08:17:03'
System info: host: 'DESKTOP-ALJ1I0Q', ip: '192.168.0.16', os.name: 'Windows 10', os.arch: 'amd64', os.version: '10.0', java.version: '11.0.7'
Driver info: org.openqa.selenium.chrome.ChromeDriver
Capabilities {acceptInsecureCerts: false, browserName: chrome, browserVersion: 83.0.4103.116, chrome: {chromedriverVersion: 83.0.4103.39 (ccbf011cb2d2b..., userDataDir: C:\Users\Sharmistha\AppData...}, goog:chromeOptions: {debuggerAddress: localhost:54825}, javascriptEnabled: true, networkConnectionEnabled: false, pageLoadStrategy: normal, platform: WINDOWS, platformName: WINDOWS, proxy: Proxy(), setWindowRect: true, strictFileInteractability: false, timeouts: {implicit: 0, pageLoad: 300000, script: 30000}, unhandledPromptBehavior: dismiss and notify, webauthn:virtualAuthenticators: true}
Session ID: 47d830292969088abfc63ebc097a2da3
*** Element info: {Using=xpath, value=//div[@id='s2id_autogen10']//a[@class='select2-choice']//span[text()='Search by Hotel or City Name']}
at java.base/jdk.internal.reflect.NativeConstructorAccessorImpl.newInstance0(Native Method)
at java.base/jdk.internal.reflect.NativeConstructorAccessorImpl.newInstance(NativeConstructorAccessorImpl.java:62)
at java.base/jdk.internal.reflect.DelegatingConstructorAccessorImpl.newInstance(DelegatingConstructorAccessorImpl.java:45)
at java.base/java.lang.reflect.Constructor.newInstance(Constructor.java:490)
at org.openqa.selenium.remote.http.W3CHttpResponseCodec.createException(W3CHttpResponseCodec.java:187)
at org.openqa.selenium.remote.http.W3CHttpResponseCodec.decode(W3CHttpResponseCodec.java:122)
at org.openqa.selenium.remote.http.W3CHttpResponseCodec.decode(W3CHttpResponseCodec.java:49)
at org.openqa.selenium.remote.HttpCommandExecutor.execute(HttpCommandExecutor.java:158)
at org.openqa.selenium.remote.service.DriverCommandExecutor.execute(DriverCommandExecutor.java:83)
at org.openqa.selenium.remote.RemoteWebDriver.execute(RemoteWebDriver.java:552)
at org.openqa.selenium.remote.RemoteWebDriver.findElement(RemoteWebDriver.java:323)
at org.openqa.selenium.remote.RemoteWebDriver.findElementByXPath(RemoteWebDriver.java:428)
at org.openqa.selenium.By$ByXPath.findElement(By.java:353)
at org.openqa.selenium.remote.RemoteWebDriver.findElement(RemoteWebDriver.java:315)
at jdk.internal.reflect.GeneratedMethodAccessor4.invoke(Unknown Source)
at java.base/jdk.internal.reflect.DelegatingMethodAccessorImpl.invoke(DelegatingMethodAccessorImpl.java:43)
at java.base/java.lang.reflect.Method.invoke(Method.java:566)
at org.openqa.selenium.support.events.EventFiringWebDriver.lambda$new$1(EventFiringWebDriver.java:105)
at com.sun.proxy.$Proxy8.findElement(Unknown Source)
at org.openqa.selenium.support.events.EventFiringWebDriver.findElement(EventFiringWebDriver.java:194)
at org.openqa.selenium.support.pagefactory.DefaultElementLocator.findElement(DefaultElementLocator.java:69)
at org.openqa.selenium.support.pagefactory.internal.LocatingElementHandler.invoke(LocatingElementHandler.java:38)
at com.sun.proxy.$Proxy12.click(Unknown Source)
at com.phptravels.qa.pages.HomePageFrontUserHomePage.fillOutForm(HomePageFrontUserHomePage.java:94)
at com.phptravels.qa.testcases.HomePageFrontUserHomePageTest.fillOutTheForm(HomePageFrontUserHomePageTest.java:70)
at java.base/jdk.internal.reflect.NativeMethodAccessorImpl.invoke0(Native Method)
at java.base/jdk.internal.reflect.NativeMethodAccessorImpl.invoke(NativeMethodAccessorImpl.java:62)
at java.base/jdk.internal.reflect.DelegatingMethodAccessorImpl.invoke(DelegatingMethodAccessorImpl.java:43)
at java.base/java.lang.reflect.Method.invoke(Method.java:566)
at org.testng.internal.MethodInvocationHelper.invokeMethod(MethodInvocationHelper.java:134)
at org.testng.internal.TestInvoker.invokeMethod(TestInvoker.java:597)
at org.testng.internal.TestInvoker.invokeTestMethod(TestInvoker.java:173)
at org.testng.internal.MethodRunner.runInSequence(MethodRunner.java:46)
at org.testng.internal.TestInvoker$MethodInvocationAgent.invoke(TestInvoker.java:816)
at org.testng.internal.TestInvoker.invokeTestMethods(TestInvoker.java:146)
at org.testng.internal.TestMethodWorker.invokeTestMethods(TestMethodWorker.java:146)
at org.testng.internal.TestMethodWorker.run(TestMethodWorker.java:128)
at java.base/java.util.ArrayList.forEach(ArrayList.java:1540)
at org.testng.TestRunner.privateRun(TestRunner.java:766)
at org.testng.TestRunner.run(TestRunner.java:587)
at org.testng.SuiteRunner.runTest(SuiteRunner.java:384)
at org.testng.SuiteRunner.runSequentially(SuiteRunner.java:378)
at org.testng.SuiteRunner.privateRun(SuiteRunner.java:337)
at org.testng.SuiteRunner.run(SuiteRunner.java:286)
at org.testng.SuiteRunnerWorker.runSuite(SuiteRunnerWorker.java:53)
at org.testng.SuiteRunnerWorker.run(SuiteRunnerWorker.java:96)
at org.testng.TestNG.runSuitesSequentially(TestNG.java:1187)
at org.testng.TestNG.runSuitesLocally(TestNG.java:1109)
at org.testng.TestNG.runSuites(TestNG.java:1039)
at org.testng.TestNG.run(TestNG.java:1007)
at org.apache.maven.surefire.testng.TestNGExecutor.run(TestNGExecutor.java:135)
at org.apache.maven.surefire.testng.TestNGDirectoryTestSuite.executeMulti(TestNGDirectoryTestSuite.java:193)
at org.apache.maven.surefire.testng.TestNGDirectoryTestSuite.execute(TestNGDirectoryTestSuite.java:94)
at org.apache.maven.surefire.testng.TestNGProvider.invoke(TestNGProvider.java:146)
at org.apache.maven.surefire.booter.ForkedBooter.invokeProviderInSameClassLoader(ForkedBooter.java:384)
at org.apache.maven.surefire.booter.ForkedBooter.runSuitesInProcess(ForkedBooter.java:345)
at org.apache.maven.surefire.booter.ForkedBooter.execute(ForkedBooter.java:126)
at org.apache.maven.surefire.booter.ForkedBooter.main(ForkedBooter.java:418)
]]>
            </full-stacktrace>
          </exception> <!-- org.openqa.selenium.NoSuchElementException -->
          <reporter-output>
          </reporter-output>
        </test-method> <!-- fillOutTheForm -->
        <test-method is-config="true" signature="tearDown()[pri:0, instance:com.phptravels.qa.testcases.HomePageFrontUserHomePageTest@175c2241]" started-at="2020-07-22T16:39:56 EDT" name="tearDown" finished-at="2020-07-22T16:39:57 EDT" duration-ms="674" status="PASS">
          <reporter-output>
          </reporter-output>
        </test-method> <!-- tearDown -->
        <test-method is-config="true" signature="setup()[pri:0, instance:com.phptravels.qa.testcases.HomePageFrontUserHomePageTest@175c2241]" started-at="2020-07-22T16:39:57 EDT" name="setup" finished-at="2020-07-22T16:40:05 EDT" duration-ms="8501" status="PASS">
          <reporter-output>
          </reporter-output>
        </test-method> <!-- setup -->
        <test-method signature="validateImgLogo()[pri:0, instance:com.phptravels.qa.testcases.HomePageFrontUserHomePageTest@175c2241]" started-at="2020-07-22T16:40:05 EDT" name="validateImgLogo" finished-at="2020-07-22T16:40:08 EDT" duration-ms="3127" status="FAIL">
          <exception class="java.lang.AssertionError">
            <message>
              <![CDATA[expected [true] but found [false]]]>
            </message>
            <full-stacktrace>
              <![CDATA[java.lang.AssertionError: expected [true] but found [false]
at org.testng.Assert.fail(Assert.java:97)
at org.testng.Assert.failNotEquals(Assert.java:969)
at org.testng.Assert.assertTrue(Assert.java:43)
at org.testng.Assert.assertTrue(Assert.java:53)
at com.phptravels.qa.testcases.HomePageFrontUserHomePageTest.validateImgLogo(HomePageFrontUserHomePageTest.java:44)
at java.base/jdk.internal.reflect.NativeMethodAccessorImpl.invoke0(Native Method)
at java.base/jdk.internal.reflect.NativeMethodAccessorImpl.invoke(NativeMethodAccessorImpl.java:62)
at java.base/jdk.internal.reflect.DelegatingMethodAccessorImpl.invoke(DelegatingMethodAccessorImpl.java:43)
at java.base/java.lang.reflect.Method.invoke(Method.java:566)
at org.testng.internal.MethodInvocationHelper.invokeMethod(MethodInvocationHelper.java:134)
at org.testng.internal.TestInvoker.invokeMethod(TestInvoker.java:597)
at org.testng.internal.TestInvoker.invokeTestMethod(TestInvoker.java:173)
at org.testng.internal.MethodRunner.runInSequence(MethodRunner.java:46)
at org.testng.internal.TestInvoker$MethodInvocationAgent.invoke(TestInvoker.java:816)
at org.testng.internal.TestInvoker.invokeTestMethods(TestInvoker.java:146)
at org.testng.internal.TestMethodWorker.invokeTestMethods(TestMethodWorker.java:146)
at org.testng.internal.TestMethodWorker.run(TestMethodWorker.java:128)
at java.base/java.util.ArrayList.forEach(ArrayList.java:1540)
at org.testng.TestRunner.privateRun(TestRunner.java:766)
at org.testng.TestRunner.run(TestRunner.java:587)
at org.testng.SuiteRunner.runTest(SuiteRunner.java:384)
at org.testng.SuiteRunner.runSequentially(SuiteRunner.java:378)
at org.testng.SuiteRunner.privateRun(SuiteRunner.java:337)
at org.testng.SuiteRunner.run(SuiteRunner.java:286)
at org.testng.SuiteRunnerWorker.runSuite(SuiteRunnerWorker.java:53)
at org.testng.SuiteRunnerWorker.run(SuiteRunnerWorker.java:96)
at org.testng.TestNG.runSuitesSequentially(TestNG.java:1187)
at org.testng.TestNG.runSuitesLocally(TestNG.java:1109)
at org.testng.TestNG.runSuites(TestNG.java:1039)
at org.testng.TestNG.run(TestNG.java:1007)
at org.apache.maven.surefire.testng.TestNGExecutor.run(TestNGExecutor.java:135)
at org.apache.maven.surefire.testng.TestNGDirectoryTestSuite.executeMulti(TestNGDirectoryTestSuite.java:193)
at org.apache.maven.surefire.testng.TestNGDirectoryTestSuite.execute(TestNGDirectoryTestSuite.java:94)
at org.apache.maven.surefire.testng.TestNGProvider.invoke(TestNGProvider.java:146)
at org.apache.maven.surefire.booter.ForkedBooter.invokeProviderInSameClassLoader(ForkedBooter.java:384)
at org.apache.maven.surefire.booter.ForkedBooter.runSuitesInProcess(ForkedBooter.java:345)
at org.apache.maven.surefire.booter.ForkedBooter.execute(ForkedBooter.java:126)
at org.apache.maven.surefire.booter.ForkedBooter.main(ForkedBooter.java:418)
]]>
            </full-stacktrace>
          </exception> <!-- java.lang.AssertionError -->
          <reporter-output>
          </reporter-output>
        </test-method> <!-- validateImgLogo -->
        <test-method is-config="true" signature="tearDown()[pri:0, instance:com.phptravels.qa.testcases.HomePageFrontUserHomePageTest@175c2241]" started-at="2020-07-22T16:40:08 EDT" name="tearDown" finished-at="2020-07-22T16:40:09 EDT" duration-ms="1178" status="PASS">
          <reporter-output>
          </reporter-output>
        </test-method> <!-- tearDown -->
        <test-method is-config="true" signature="setup()[pri:0, instance:com.phptravels.qa.testcases.HomePageFrontUserHomePageTest@175c2241]" started-at="2020-07-22T16:40:09 EDT" name="setup" finished-at="2020-07-22T16:40:17 EDT" duration-ms="7182" status="PASS">
          <reporter-output>
          </reporter-output>
        </test-method> <!-- setup -->
        <test-method signature="validateLoginPage()[pri:0, instance:com.phptravels.qa.testcases.HomePageFrontUserHomePageTest@175c2241]" started-at="2020-07-22T16:40:17 EDT" name="validateLoginPage" finished-at="2020-07-22T16:40:41 EDT" duration-ms="24241" status="FAIL">
          <exception class="org.openqa.selenium.NoSuchElementException">
            <message>
              <![CDATA[no such element: Unable to locate element: {"method":"xpath","selector":"//div[@class='dropdown-menu dropdown-menu-right show']//a[text()='Login']"}
  (Session info: chrome=83.0.4103.116)
For documentation on this error, please visit: https://www.seleniumhq.org/exceptions/no_such_element.html
Build info: version: '3.141.59', revision: 'e82be7d358', time: '2018-11-14T08:17:03'
System info: host: 'DESKTOP-ALJ1I0Q', ip: '192.168.0.16', os.name: 'Windows 10', os.arch: 'amd64', os.version: '10.0', java.version: '11.0.7'
Driver info: org.openqa.selenium.chrome.ChromeDriver
Capabilities {acceptInsecureCerts: false, browserName: chrome, browserVersion: 83.0.4103.116, chrome: {chromedriverVersion: 83.0.4103.39 (ccbf011cb2d2b..., userDataDir: C:\Users\Sharmistha\AppData...}, goog:chromeOptions: {debuggerAddress: localhost:54901}, javascriptEnabled: true, networkConnectionEnabled: false, pageLoadStrategy: normal, platform: WINDOWS, platformName: WINDOWS, proxy: Proxy(), setWindowRect: true, strictFileInteractability: false, timeouts: {implicit: 0, pageLoad: 300000, script: 30000}, unhandledPromptBehavior: dismiss and notify, webauthn:virtualAuthenticators: true}
Session ID: 95e61ef4a58c0eb088500c5a36dd12b4
*** Element info: {Using=xpath, value=//div[@class='dropdown-menu dropdown-menu-right show']//a[text()='Login']}]]>
            </message>
            <full-stacktrace>
              <![CDATA[org.openqa.selenium.NoSuchElementException: no such element: Unable to locate element: {"method":"xpath","selector":"//div[@class='dropdown-menu dropdown-menu-right show']//a[text()='Login']"}
  (Session info: chrome=83.0.4103.116)
For documentation on this error, please visit: https://www.seleniumhq.org/exceptions/no_such_element.html
Build info: version: '3.141.59', revision: 'e82be7d358', time: '2018-11-14T08:17:03'
System info: host: 'DESKTOP-ALJ1I0Q', ip: '192.168.0.16', os.name: 'Windows 10', os.arch: 'amd64', os.version: '10.0', java.version: '11.0.7'
Driver info: org.openqa.selenium.chrome.ChromeDriver
Capabilities {acceptInsecureCerts: false, browserName: chrome, browserVersion: 83.0.4103.116, chrome: {chromedriverVersion: 83.0.4103.39 (ccbf011cb2d2b..., userDataDir: C:\Users\Sharmistha\AppData...}, goog:chromeOptions: {debuggerAddress: localhost:54901}, javascriptEnabled: true, networkConnectionEnabled: false, pageLoadStrategy: normal, platform: WINDOWS, platformName: WINDOWS, proxy: Proxy(), setWindowRect: true, strictFileInteractability: false, timeouts: {implicit: 0, pageLoad: 300000, script: 30000}, unhandledPromptBehavior: dismiss and notify, webauthn:virtualAuthenticators: true}
Session ID: 95e61ef4a58c0eb088500c5a36dd12b4
*** Element info: {Using=xpath, value=//div[@class='dropdown-menu dropdown-menu-right show']//a[text()='Login']}
at java.base/jdk.internal.reflect.NativeConstructorAccessorImpl.newInstance0(Native Method)
at java.base/jdk.internal.reflect.NativeConstructorAccessorImpl.newInstance(NativeConstructorAccessorImpl.java:62)
at java.base/jdk.internal.reflect.DelegatingConstructorAccessorImpl.newInstance(DelegatingConstructorAccessorImpl.java:45)
at java.base/java.lang.reflect.Constructor.newInstance(Constructor.java:490)
at org.openqa.selenium.remote.http.W3CHttpResponseCodec.createException(W3CHttpResponseCodec.java:187)
at org.openqa.selenium.remote.http.W3CHttpResponseCodec.decode(W3CHttpResponseCodec.java:122)
at org.openqa.selenium.remote.http.W3CHttpResponseCodec.decode(W3CHttpResponseCodec.java:49)
at org.openqa.selenium.remote.HttpCommandExecutor.execute(HttpCommandExecutor.java:158)
at org.openqa.selenium.remote.service.DriverCommandExecutor.execute(DriverCommandExecutor.java:83)
at org.openqa.selenium.remote.RemoteWebDriver.execute(RemoteWebDriver.java:552)
at org.openqa.selenium.remote.RemoteWebDriver.findElement(RemoteWebDriver.java:323)
at org.openqa.selenium.remote.RemoteWebDriver.findElementByXPath(RemoteWebDriver.java:428)
at org.openqa.selenium.By$ByXPath.findElement(By.java:353)
at org.openqa.selenium.remote.RemoteWebDriver.findElement(RemoteWebDriver.java:315)
at jdk.internal.reflect.GeneratedMethodAccessor4.invoke(Unknown Source)
at java.base/jdk.internal.reflect.DelegatingMethodAccessorImpl.invoke(DelegatingMethodAccessorImpl.java:43)
at java.base/java.lang.reflect.Method.invoke(Method.java:566)
at org.openqa.selenium.support.events.EventFiringWebDriver.lambda$new$1(EventFiringWebDriver.java:105)
at com.sun.proxy.$Proxy8.findElement(Unknown Source)
at org.openqa.selenium.support.events.EventFiringWebDriver.findElement(EventFiringWebDriver.java:194)
at org.openqa.selenium.support.pagefactory.DefaultElementLocator.findElement(DefaultElementLocator.java:69)
at org.openqa.selenium.support.pagefactory.internal.LocatingElementHandler.invoke(LocatingElementHandler.java:38)
at com.sun.proxy.$Proxy12.click(Unknown Source)
at com.phptravels.qa.pages.HomePageFrontUserHomePage.clickOnLogin(HomePageFrontUserHomePage.java:65)
at com.phptravels.qa.testcases.HomePageFrontUserHomePageTest.validateLoginPage(HomePageFrontUserHomePageTest.java:49)
at java.base/jdk.internal.reflect.NativeMethodAccessorImpl.invoke0(Native Method)
at java.base/jdk.internal.reflect.NativeMethodAccessorImpl.invoke(NativeMethodAccessorImpl.java:62)
at java.base/jdk.internal.reflect.DelegatingMethodAccessorImpl.invoke(DelegatingMethodAccessorImpl.java:43)
at java.base/java.lang.reflect.Method.invoke(Method.java:566)
at org.testng.internal.MethodInvocationHelper.invokeMethod(MethodInvocationHelper.java:134)
at org.testng.internal.TestInvoker.invokeMethod(TestInvoker.java:597)
at org.testng.internal.TestInvoker.invokeTestMethod(TestInvoker.java:173)
at org.testng.internal.MethodRunner.runInSequence(MethodRunner.java:46)
at org.testng.internal.TestInvoker$MethodInvocationAgent.invoke(TestInvoker.java:816)
at org.testng.internal.TestInvoker.invokeTestMethods(TestInvoker.java:146)
at org.testng.internal.TestMethodWorker.invokeTestMethods(TestMethodWorker.java:146)
at org.testng.internal.TestMethodWorker.run(TestMethodWorker.java:128)
at java.base/java.util.ArrayList.forEach(ArrayList.java:1540)
at org.testng.TestRunner.privateRun(TestRunner.java:766)
at org.testng.TestRunner.run(TestRunner.java:587)
at org.testng.SuiteRunner.runTest(SuiteRunner.java:384)
at org.testng.SuiteRunner.runSequentially(SuiteRunner.java:378)
at org.testng.SuiteRunner.privateRun(SuiteRunner.java:337)
at org.testng.SuiteRunner.run(SuiteRunner.java:286)
at org.testng.SuiteRunnerWorker.runSuite(SuiteRunnerWorker.java:53)
at org.testng.SuiteRunnerWorker.run(SuiteRunnerWorker.java:96)
at org.testng.TestNG.runSuitesSequentially(TestNG.java:1187)
at org.testng.TestNG.runSuitesLocally(TestNG.java:1109)
at org.testng.TestNG.runSuites(TestNG.java:1039)
at org.testng.TestNG.run(TestNG.java:1007)
at org.apache.maven.surefire.testng.TestNGExecutor.run(TestNGExecutor.java:135)
at org.apache.maven.surefire.testng.TestNGDirectoryTestSuite.executeMulti(TestNGDirectoryTestSuite.java:193)
at org.apache.maven.surefire.testng.TestNGDirectoryTestSuite.execute(TestNGDirectoryTestSuite.java:94)
at org.apache.maven.surefire.testng.TestNGProvider.invoke(TestNGProvider.java:146)
at org.apache.maven.surefire.booter.ForkedBooter.invokeProviderInSameClassLoader(ForkedBooter.java:384)
at org.apache.maven.surefire.booter.ForkedBooter.runSuitesInProcess(ForkedBooter.java:345)
at org.apache.maven.surefire.booter.ForkedBooter.execute(ForkedBooter.java:126)
at org.apache.maven.surefire.booter.ForkedBooter.main(ForkedBooter.java:418)
]]>
            </full-stacktrace>
          </exception> <!-- org.openqa.selenium.NoSuchElementException -->
          <reporter-output>
          </reporter-output>
        </test-method> <!-- validateLoginPage -->
        <test-method is-config="true" signature="tearDown()[pri:0, instance:com.phptravels.qa.testcases.HomePageFrontUserHomePageTest@175c2241]" started-at="2020-07-22T16:40:41 EDT" name="tearDown" finished-at="2020-07-22T16:40:41 EDT" duration-ms="636" status="PASS">
          <reporter-output>
          </reporter-output>
        </test-method> <!-- tearDown -->
        <test-method is-config="true" signature="setup()[pri:0, instance:com.phptravels.qa.testcases.HomePageFrontUserHomePageTest@175c2241]" started-at="2020-07-22T16:40:41 EDT" name="setup" finished-at="2020-07-22T16:40:50 EDT" duration-ms="9020" status="PASS">
          <reporter-output>
          </reporter-output>
        </test-method> <!-- setup -->
        <test-method signature="validatePageTitle()[pri:0, instance:com.phptravels.qa.testcases.HomePageFrontUserHomePageTest@175c2241]" started-at="2020-07-22T16:40:50 EDT" name="validatePageTitle" finished-at="2020-07-22T16:40:53 EDT" duration-ms="2048" status="FAIL">
          <exception class="java.lang.AssertionError">
            <message>
              <![CDATA[expected [PHPTRAVELS | Travel Technology Partner] but found [Loading...]]]>
            </message>
            <full-stacktrace>
              <![CDATA[java.lang.AssertionError: expected [PHPTRAVELS | Travel Technology Partner] but found [Loading...]
at org.testng.Assert.fail(Assert.java:97)
at org.testng.Assert.assertEqualsImpl(Assert.java:136)
at org.testng.Assert.assertEquals(Assert.java:118)
at org.testng.Assert.assertEquals(Assert.java:575)
at org.testng.Assert.assertEquals(Assert.java:585)
at com.phptravels.qa.testcases.HomePageFrontUserHomePageTest.validatePageTitle(HomePageFrontUserHomePageTest.java:39)
at java.base/jdk.internal.reflect.NativeMethodAccessorImpl.invoke0(Native Method)
at java.base/jdk.internal.reflect.NativeMethodAccessorImpl.invoke(NativeMethodAccessorImpl.java:62)
at java.base/jdk.internal.reflect.DelegatingMethodAccessorImpl.invoke(DelegatingMethodAccessorImpl.java:43)
at java.base/java.lang.reflect.Method.invoke(Method.java:566)
at org.testng.internal.MethodInvocationHelper.invokeMethod(MethodInvocationHelper.java:134)
at org.testng.internal.TestInvoker.invokeMethod(TestInvoker.java:597)
at org.testng.internal.TestInvoker.invokeTestMethod(TestInvoker.java:173)
at org.testng.internal.MethodRunner.runInSequence(MethodRunner.java:46)
at org.testng.internal.TestInvoker$MethodInvocationAgent.invoke(TestInvoker.java:816)
at org.testng.internal.TestInvoker.invokeTestMethods(TestInvoker.java:146)
at org.testng.internal.TestMethodWorker.invokeTestMethods(TestMethodWorker.java:146)
at org.testng.internal.TestMethodWorker.run(TestMethodWorker.java:128)
at java.base/java.util.ArrayList.forEach(ArrayList.java:1540)
at org.testng.TestRunner.privateRun(TestRunner.java:766)
at org.testng.TestRunner.run(TestRunner.java:587)
at org.testng.SuiteRunner.runTest(SuiteRunner.java:384)
at org.testng.SuiteRunner.runSequentially(SuiteRunner.java:378)
at org.testng.SuiteRunner.privateRun(SuiteRunner.java:337)
at org.testng.SuiteRunner.run(SuiteRunner.java:286)
at org.testng.SuiteRunnerWorker.runSuite(SuiteRunnerWorker.java:53)
at org.testng.SuiteRunnerWorker.run(SuiteRunnerWorker.java:96)
at org.testng.TestNG.runSuitesSequentially(TestNG.java:1187)
at org.testng.TestNG.runSuitesLocally(TestNG.java:1109)
at org.testng.TestNG.runSuites(TestNG.java:1039)
at org.testng.TestNG.run(TestNG.java:1007)
at org.apache.maven.surefire.testng.TestNGExecutor.run(TestNGExecutor.java:135)
at org.apache.maven.surefire.testng.TestNGDirectoryTestSuite.executeMulti(TestNGDirectoryTestSuite.java:193)
at org.apache.maven.surefire.testng.TestNGDirectoryTestSuite.execute(TestNGDirectoryTestSuite.java:94)
at org.apache.maven.surefire.testng.TestNGProvider.invoke(TestNGProvider.java:146)
at org.apache.maven.surefire.booter.ForkedBooter.invokeProviderInSameClassLoader(ForkedBooter.java:384)
at org.apache.maven.surefire.booter.ForkedBooter.runSuitesInProcess(ForkedBooter.java:345)
at org.apache.maven.surefire.booter.ForkedBooter.execute(ForkedBooter.java:126)
at org.apache.maven.surefire.booter.ForkedBooter.main(ForkedBooter.java:418)
]]>
            </full-stacktrace>
          </exception> <!-- java.lang.AssertionError -->
          <reporter-output>
          </reporter-output>
        </test-method> <!-- validatePageTitle -->
        <test-method is-config="true" signature="tearDown()[pri:0, instance:com.phptravels.qa.testcases.HomePageFrontUserHomePageTest@175c2241]" started-at="2020-07-22T16:40:53 EDT" name="tearDown" finished-at="2020-07-22T16:40:55 EDT" duration-ms="2048" status="PASS">
          <reporter-output>
          </reporter-output>
        </test-method> <!-- tearDown -->
        <test-method is-config="true" signature="setup()[pri:0, instance:com.phptravels.qa.testcases.HomePageFrontUserHomePageTest@175c2241]" started-at="2020-07-22T16:40:55 EDT" name="setup" finished-at="2020-07-22T16:41:02 EDT" duration-ms="7269" status="PASS">
          <reporter-output>
          </reporter-output>
        </test-method> <!-- setup -->
        <test-method signature="validateSignInPage()[pri:0, instance:com.phptravels.qa.testcases.HomePageFrontUserHomePageTest@175c2241]" started-at="2020-07-22T16:41:02 EDT" name="validateSignInPage" finished-at="2020-07-22T16:41:09 EDT" duration-ms="7326" status="PASS">
          <reporter-output>
          </reporter-output>
        </test-method> <!-- validateSignInPage -->
        <test-method is-config="true" signature="tearDown()[pri:0, instance:com.phptravels.qa.testcases.HomePageFrontUserHomePageTest@175c2241]" started-at="2020-07-22T16:41:09 EDT" name="tearDown" finished-at="2020-07-22T16:41:10 EDT" duration-ms="613" status="PASS">
          <reporter-output>
          </reporter-output>
        </test-method> <!-- tearDown -->
      </class> <!-- com.phptravels.qa.testcases.HomePageFrontUserHomePageTest -->
    </test> <!-- Surefire test -->
  </suite> <!-- Surefire suite -->
</testng-results>
